{"/home/travis/build/npmtest/node-npmtest-unfluff/test.js":{"path":"/home/travis/build/npmtest/node-npmtest-unfluff/test.js","s":{"1":2,"2":2,"3":2,"4":2,"5":2,"6":2,"7":2,"8":1,"9":2,"10":2,"11":1,"12":1,"13":1,"14":1,"15":2,"16":2,"17":2,"18":2,"19":1,"20":1,"21":2,"22":2,"23":2,"24":1,"25":1,"26":1,"27":1,"28":1,"29":1,"30":1,"31":1,"32":1,"33":1,"34":1,"35":1,"36":1,"37":2,"38":2,"39":1,"40":2,"41":2,"42":1,"43":2,"44":2,"45":1,"46":2,"47":2,"48":1,"49":1,"50":1,"51":1,"52":1},"b":{"1":[2,1,1,1],"2":[1,1,1,1],"3":[1,1],"4":[1,1],"5":[1,1],"6":[1,1],"7":[1,1],"8":[1,1],"9":[1,1,1],"10":[1,1],"11":[1,1],"12":[1,1],"13":[1,1],"14":[1,1],"15":[1,1],"16":[1,1]},"f":{"1":2,"2":2,"3":2,"4":2,"5":2,"6":1,"7":1,"8":2,"9":2,"10":2,"11":2,"12":1},"fnMap":{"1":{"name":"(anonymous_1)","line":12,"loc":{"start":{"line":12,"column":1},"end":{"line":12,"column":13}}},"2":{"name":"(anonymous_2)","line":19,"loc":{"start":{"line":19,"column":5},"end":{"line":19,"column":17}}},"3":{"name":"(anonymous_3)","line":23,"loc":{"start":{"line":23,"column":24},"end":{"line":23,"column":36}}},"4":{"name":"(anonymous_4)","line":61,"loc":{"start":{"line":61,"column":5},"end":{"line":61,"column":17}}},"5":{"name":"(anonymous_5)","line":82,"loc":{"start":{"line":82,"column":5},"end":{"line":82,"column":17}}},"6":{"name":"(anonymous_6)","line":102,"loc":{"start":{"line":102,"column":83},"end":{"line":105,"column":10}},"skip":true},"7":{"name":"(anonymous_7)","line":113,"loc":{"start":{"line":113,"column":77},"end":{"line":116,"column":10}},"skip":true},"8":{"name":"(anonymous_8)","line":129,"loc":{"start":{"line":129,"column":12},"end":{"line":129,"column":40}},"skip":true},"9":{"name":"(anonymous_9)","line":137,"loc":{"start":{"line":137,"column":77},"end":{"line":140,"column":10}},"skip":true},"10":{"name":"(anonymous_10)","line":148,"loc":{"start":{"line":148,"column":83},"end":{"line":151,"column":10}},"skip":true},"11":{"name":"(anonymous_11)","line":159,"loc":{"start":{"line":159,"column":79},"end":{"line":162,"column":10}},"skip":true},"12":{"name":"(anonymous_12)","line":170,"loc":{"start":{"line":170,"column":75},"end":{"line":173,"column":10}},"skip":true}},"statementMap":{"1":{"start":{"line":12,"column":0},"end":{"line":185,"column":5}},"2":{"start":{"line":14,"column":4},"end":{"line":14,"column":14}},"3":{"start":{"line":19,"column":4},"end":{"line":56,"column":9}},"4":{"start":{"line":21,"column":8},"end":{"line":21,"column":19}},"5":{"start":{"line":23,"column":8},"end":{"line":35,"column":13}},"6":{"start":{"line":24,"column":12},"end":{"line":34,"column":13}},"7":{"start":{"line":25,"column":16},"end":{"line":28,"column":30}},"8":{"start":{"line":30,"column":16},"end":{"line":33,"column":27}},"9":{"start":{"line":37,"column":8},"end":{"line":39,"column":21}},"10":{"start":{"line":40,"column":8},"end":{"line":53,"column":9}},"11":{"start":{"line":43,"column":12},"end":{"line":46,"column":14}},"12":{"start":{"line":47,"column":12},"end":{"line":47,"column":18}},"13":{"start":{"line":50,"column":12},"end":{"line":51,"column":46}},"14":{"start":{"line":52,"column":12},"end":{"line":52,"column":18}},"15":{"start":{"line":55,"column":8},"end":{"line":55,"column":35}},"16":{"start":{"line":61,"column":4},"end":{"line":63,"column":9}},"17":{"start":{"line":62,"column":8},"end":{"line":62,"column":15}},"18":{"start":{"line":64,"column":4},"end":{"line":77,"column":5}},"19":{"start":{"line":70,"column":8},"end":{"line":70,"column":14}},"20":{"start":{"line":76,"column":8},"end":{"line":76,"column":14}},"21":{"start":{"line":82,"column":4},"end":{"line":84,"column":9}},"22":{"start":{"line":83,"column":8},"end":{"line":83,"column":15}},"23":{"start":{"line":85,"column":4},"end":{"line":184,"column":5}},"24":{"start":{"line":92,"column":8},"end":{"line":94,"column":63}},"25":{"start":{"line":95,"column":8},"end":{"line":95,"column":14}},"26":{"start":{"line":102,"column":8},"end":{"line":111,"column":10},"skip":true},"27":{"start":{"line":109,"column":12},"end":{"line":109,"column":55},"skip":true},"28":{"start":{"line":110,"column":12},"end":{"line":110,"column":48},"skip":true},"29":{"start":{"line":113,"column":8},"end":{"line":126,"column":10},"skip":true},"30":{"start":{"line":120,"column":12},"end":{"line":120,"column":76},"skip":true},"31":{"start":{"line":121,"column":12},"end":{"line":121,"column":73},"skip":true},"32":{"start":{"line":122,"column":12},"end":{"line":122,"column":74},"skip":true},"33":{"start":{"line":123,"column":12},"end":{"line":123,"column":79},"skip":true},"34":{"start":{"line":124,"column":12},"end":{"line":124,"column":25},"skip":true},"35":{"start":{"line":125,"column":12},"end":{"line":125,"column":45},"skip":true},"36":{"start":{"line":128,"column":8},"end":{"line":135,"column":14},"skip":true},"37":{"start":{"line":133,"column":16},"end":{"line":133,"column":29},"skip":true},"38":{"start":{"line":134,"column":16},"end":{"line":134,"column":55},"skip":true},"39":{"start":{"line":137,"column":8},"end":{"line":146,"column":10},"skip":true},"40":{"start":{"line":144,"column":12},"end":{"line":144,"column":25},"skip":true},"41":{"start":{"line":145,"column":12},"end":{"line":145,"column":45},"skip":true},"42":{"start":{"line":148,"column":8},"end":{"line":157,"column":10},"skip":true},"43":{"start":{"line":155,"column":12},"end":{"line":155,"column":25},"skip":true},"44":{"start":{"line":156,"column":12},"end":{"line":156,"column":48},"skip":true},"45":{"start":{"line":159,"column":8},"end":{"line":168,"column":10},"skip":true},"46":{"start":{"line":166,"column":12},"end":{"line":166,"column":25},"skip":true},"47":{"start":{"line":167,"column":12},"end":{"line":167,"column":46},"skip":true},"48":{"start":{"line":170,"column":8},"end":{"line":179,"column":10},"skip":true},"49":{"start":{"line":177,"column":12},"end":{"line":177,"column":94},"skip":true},"50":{"start":{"line":178,"column":12},"end":{"line":178,"column":48},"skip":true},"51":{"start":{"line":182,"column":8},"end":{"line":182,"column":35},"skip":true},"52":{"start":{"line":183,"column":8},"end":{"line":183,"column":14},"skip":true}},"branchMap":{"1":{"line":25,"type":"binary-expr","locations":[{"start":{"line":25,"column":23},"end":{"line":25,"column":62}},{"start":{"line":26,"column":20},"end":{"line":26,"column":70}},{"start":{"line":27,"column":20},"end":{"line":27,"column":71}},{"start":{"line":28,"column":20},"end":{"line":28,"column":29}}]},"2":{"line":30,"type":"binary-expr","locations":[{"start":{"line":30,"column":23},"end":{"line":30,"column":37}},{"start":{"line":31,"column":20},"end":{"line":31,"column":61}},{"start":{"line":32,"column":20},"end":{"line":32,"column":70}},{"start":{"line":33,"column":20},"end":{"line":33,"column":26}}]},"3":{"line":37,"type":"cond-expr","locations":[{"start":{"line":38,"column":14},"end":{"line":38,"column":20}},{"start":{"line":39,"column":14},"end":{"line":39,"column":20}}]},"4":{"line":40,"type":"switch","locations":[{"start":{"line":42,"column":8},"end":{"line":47,"column":18}},{"start":{"line":49,"column":8},"end":{"line":52,"column":18}}]},"5":{"line":44,"type":"binary-expr","locations":[{"start":{"line":44,"column":16},"end":{"line":44,"column":44}},{"start":{"line":44,"column":48},"end":{"line":44,"column":66}}]},"6":{"line":50,"type":"binary-expr","locations":[{"start":{"line":50,"column":21},"end":{"line":50,"column":49}},{"start":{"line":50,"column":53},"end":{"line":50,"column":72}}]},"7":{"line":64,"type":"switch","locations":[{"start":{"line":69,"column":4},"end":{"line":70,"column":14}},{"start":{"line":75,"column":4},"end":{"line":76,"column":14}}]},"8":{"line":85,"type":"switch","locations":[{"start":{"line":90,"column":4},"end":{"line":95,"column":14}},{"start":{"line":101,"column":4},"end":{"line":183,"column":14},"skip":true}]},"9":{"line":92,"type":"binary-expr","locations":[{"start":{"line":92,"column":18},"end":{"line":92,"column":32}},{"start":{"line":93,"column":12},"end":{"line":93,"column":53}},{"start":{"line":94,"column":12},"end":{"line":94,"column":61}}]},"10":{"line":102,"type":"binary-expr","locations":[{"start":{"line":102,"column":45},"end":{"line":102,"column":79},"skip":true},{"start":{"line":102,"column":83},"end":{"line":111,"column":9},"skip":true}]},"11":{"line":113,"type":"binary-expr","locations":[{"start":{"line":113,"column":42},"end":{"line":113,"column":73},"skip":true},{"start":{"line":113,"column":77},"end":{"line":126,"column":9},"skip":true}]},"12":{"line":128,"type":"binary-expr","locations":[{"start":{"line":128,"column":48},"end":{"line":128,"column":85},"skip":true},{"start":{"line":129,"column":12},"end":{"line":135,"column":13},"skip":true}]},"13":{"line":137,"type":"binary-expr","locations":[{"start":{"line":137,"column":42},"end":{"line":137,"column":73},"skip":true},{"start":{"line":137,"column":77},"end":{"line":146,"column":9},"skip":true}]},"14":{"line":148,"type":"binary-expr","locations":[{"start":{"line":148,"column":45},"end":{"line":148,"column":79},"skip":true},{"start":{"line":148,"column":83},"end":{"line":157,"column":9},"skip":true}]},"15":{"line":159,"type":"binary-expr","locations":[{"start":{"line":159,"column":43},"end":{"line":159,"column":75},"skip":true},{"start":{"line":159,"column":79},"end":{"line":168,"column":9},"skip":true}]},"16":{"line":170,"type":"binary-expr","locations":[{"start":{"line":170,"column":41},"end":{"line":170,"column":71},"skip":true},{"start":{"line":170,"column":75},"end":{"line":179,"column":9},"skip":true}]}},"code":["/* istanbul instrument in package npmtest_unfluff */","/*jslint","    bitwise: true,","    browser: true,","    maxerr: 8,","    maxlen: 96,","    node: true,","    nomen: true,","    regexp: true,","    stupid: true","*/","(function () {","    'use strict';","    var local;","","","","    // run shared js-env code - pre-init","    (function () {","        // init local","        local = {};","        // init modeJs","        local.modeJs = (function () {","            try {","                return typeof navigator.userAgent === 'string' &&","                    typeof document.querySelector('body') === 'object' &&","                    typeof XMLHttpRequest.prototype.open === 'function' &&","                    'browser';","            } catch (errorCaughtBrowser) {","                return module.exports &&","                    typeof process.versions.node === 'string' &&","                    typeof require('http').createServer === 'function' &&","                    'node';","            }","        }());","        // init global","        local.global = local.modeJs === 'browser'","            ? window","            : global;","        switch (local.modeJs) {","        // re-init local from window.local","        case 'browser':","            local = local.global.utility2.objectSetDefault(","                local.global.utility2_rollup || local.global.local,","                local.global.utility2","            );","            break;","        // re-init local from example.js","        case 'node':","            local = (local.global.utility2_rollup || require('utility2'))","                .requireExampleJsFromReadme();","            break;","        }","        // export local","        local.global.local = local;","    }());","","","","    // run shared js-env code - function","    (function () {","        return;","    }());","    switch (local.modeJs) {","","","","    // run browser js-env code - function","    case 'browser':","        break;","","","","    // run node js-env code - function","    case 'node':","        break;","    }","","","","    // run shared js-env code - post-init","    (function () {","        return;","    }());","    switch (local.modeJs) {","","","","    // run browser js-env code - post-init","    case 'browser':","        // run tests","        local.nop(local.modeTest &&","            document.querySelector('#testRunButton1') &&","            document.querySelector('#testRunButton1').click());","        break;","","","","    // run node js-env code - post-init","    /* istanbul ignore next */","    case 'node':","        local.testCase_buildApidoc_default = local.testCase_buildApidoc_default || function (","            options,","            onError","        ) {","        /*","         * this function will test buildApidoc's default handling-behavior-behavior","         */","            options = { modulePathList: module.paths };","            local.buildApidoc(options, onError);","        };","","        local.testCase_buildApp_default = local.testCase_buildApp_default || function (","            options,","            onError","        ) {","        /*","         * this function will test buildApp's default handling-behavior-behavior","         */","            local.testCase_buildReadme_default(options, local.onErrorThrow);","            local.testCase_buildLib_default(options, local.onErrorThrow);","            local.testCase_buildTest_default(options, local.onErrorThrow);","            local.testCase_buildCustomOrg_default(options, local.onErrorThrow);","            options = [];","            local.buildApp(options, onError);","        };","","        local.testCase_buildCustomOrg_default = local.testCase_buildCustomOrg_default ||","            function (options, onError) {","            /*","             * this function will test buildCustomOrg's default handling-behavior","             */","                options = {};","                local.buildCustomOrg(options, onError);","            };","","        local.testCase_buildLib_default = local.testCase_buildLib_default || function (","            options,","            onError","        ) {","        /*","         * this function will test buildLib's default handling-behavior","         */","            options = {};","            local.buildLib(options, onError);","        };","","        local.testCase_buildReadme_default = local.testCase_buildReadme_default || function (","            options,","            onError","        ) {","        /*","         * this function will test buildReadme's default handling-behavior-behavior","         */","            options = {};","            local.buildReadme(options, onError);","        };","","        local.testCase_buildTest_default = local.testCase_buildTest_default || function (","            options,","            onError","        ) {","        /*","         * this function will test buildTest's default handling-behavior","         */","            options = {};","            local.buildTest(options, onError);","        };","","        local.testCase_webpage_default = local.testCase_webpage_default || function (","            options,","            onError","        ) {","        /*","         * this function will test webpage's default handling-behavior","         */","            options = { modeCoverageMerge: true, url: local.serverLocalHost + '?modeTest=1' };","            local.browserTest(options, onError);","        };","","        // run test-server","        local.testRunServer(local);","        break;","    }","}());",""],"l":{"12":2,"14":2,"19":2,"21":2,"23":2,"24":2,"25":2,"30":1,"37":2,"40":2,"43":1,"47":1,"50":1,"52":1,"55":2,"61":2,"62":2,"64":2,"70":1,"76":1,"82":2,"83":2,"85":2,"92":1,"95":1,"102":1,"109":1,"110":1,"113":1,"120":1,"121":1,"122":1,"123":1,"124":1,"125":1,"128":1,"133":2,"134":2,"137":1,"144":2,"145":2,"148":1,"155":2,"156":2,"159":1,"166":2,"167":2,"170":1,"177":1,"178":1,"182":1,"183":1}},"/home/travis/build/npmtest/node-npmtest-unfluff/lib.npmtest_unfluff.js":{"path":"/home/travis/build/npmtest/node-npmtest-unfluff/lib.npmtest_unfluff.js","s":{"1":2,"2":2,"3":2,"4":2,"5":2,"6":2,"7":2,"8":1,"9":2,"10":2,"11":2,"12":2,"13":1,"14":1,"15":1,"16":1},"b":{"1":[2,1,1,1],"2":[1,1,1,1],"3":[1,1],"4":[2,2],"5":[1,1]},"f":{"1":2,"2":2,"3":2},"fnMap":{"1":{"name":"(anonymous_1)","line":12,"loc":{"start":{"line":12,"column":1},"end":{"line":12,"column":13}}},"2":{"name":"(anonymous_2)","line":19,"loc":{"start":{"line":19,"column":5},"end":{"line":19,"column":17}}},"3":{"name":"(anonymous_3)","line":23,"loc":{"start":{"line":23,"column":24},"end":{"line":23,"column":36}}}},"statementMap":{"1":{"start":{"line":12,"column":0},"end":{"line":53,"column":5}},"2":{"start":{"line":14,"column":4},"end":{"line":14,"column":14}},"3":{"start":{"line":19,"column":4},"end":{"line":52,"column":9}},"4":{"start":{"line":21,"column":8},"end":{"line":21,"column":19}},"5":{"start":{"line":23,"column":8},"end":{"line":35,"column":13}},"6":{"start":{"line":24,"column":12},"end":{"line":34,"column":13}},"7":{"start":{"line":25,"column":16},"end":{"line":28,"column":30}},"8":{"start":{"line":30,"column":16},"end":{"line":33,"column":27}},"9":{"start":{"line":37,"column":8},"end":{"line":39,"column":21}},"10":{"start":{"line":41,"column":8},"end":{"line":41,"column":54}},"11":{"start":{"line":43,"column":8},"end":{"line":43,"column":52}},"12":{"start":{"line":45,"column":8},"end":{"line":51,"column":9}},"13":{"start":{"line":46,"column":12},"end":{"line":46,"column":58}},"14":{"start":{"line":48,"column":12},"end":{"line":48,"column":35}},"15":{"start":{"line":49,"column":12},"end":{"line":49,"column":49}},"16":{"start":{"line":50,"column":12},"end":{"line":50,"column":43}}},"branchMap":{"1":{"line":25,"type":"binary-expr","locations":[{"start":{"line":25,"column":23},"end":{"line":25,"column":62}},{"start":{"line":26,"column":20},"end":{"line":26,"column":70}},{"start":{"line":27,"column":20},"end":{"line":27,"column":71}},{"start":{"line":28,"column":20},"end":{"line":28,"column":29}}]},"2":{"line":30,"type":"binary-expr","locations":[{"start":{"line":30,"column":23},"end":{"line":30,"column":37}},{"start":{"line":31,"column":20},"end":{"line":31,"column":61}},{"start":{"line":32,"column":20},"end":{"line":32,"column":70}},{"start":{"line":33,"column":20},"end":{"line":33,"column":26}}]},"3":{"line":37,"type":"cond-expr","locations":[{"start":{"line":38,"column":14},"end":{"line":38,"column":20}},{"start":{"line":39,"column":14},"end":{"line":39,"column":20}}]},"4":{"line":41,"type":"binary-expr","locations":[{"start":{"line":41,"column":16},"end":{"line":41,"column":44}},{"start":{"line":41,"column":48},"end":{"line":41,"column":53}}]},"5":{"line":45,"type":"if","locations":[{"start":{"line":45,"column":8},"end":{"line":45,"column":8}},{"start":{"line":45,"column":8},"end":{"line":45,"column":8}}]}},"code":["/* istanbul instrument in package npmtest_unfluff */","/*jslint","    bitwise: true,","    browser: true,","    maxerr: 8,","    maxlen: 96,","    node: true,","    nomen: true,","    regexp: true,","    stupid: true","*/","(function () {","    'use strict';","    var local;","","","","    // run shared js-env code - pre-init","    (function () {","        // init local","        local = {};","        // init modeJs","        local.modeJs = (function () {","            try {","                return typeof navigator.userAgent === 'string' &&","                    typeof document.querySelector('body') === 'object' &&","                    typeof XMLHttpRequest.prototype.open === 'function' &&","                    'browser';","            } catch (errorCaughtBrowser) {","                return module.exports &&","                    typeof process.versions.node === 'string' &&","                    typeof require('http').createServer === 'function' &&","                    'node';","            }","        }());","        // init global","        local.global = local.modeJs === 'browser'","            ? window","            : global;","        // init utility2_rollup","        local = local.global.utility2_rollup || local;","        // init lib","        local.local = local.npmtest_unfluff = local;","        // init exports","        if (local.modeJs === 'browser') {","            local.global.utility2_npmtest_unfluff = local;","        } else {","            module.exports = local;","            module.exports.__dirname = __dirname;","            module.exports.module = module;","        }","    }());","}());",""],"l":{"12":2,"14":2,"19":2,"21":2,"23":2,"24":2,"25":2,"30":1,"37":2,"41":2,"43":2,"45":2,"46":1,"48":1,"49":1,"50":1}},"/home/travis/build/npmtest/node-npmtest-unfluff/example.js":{"path":"/home/travis/build/npmtest/node-npmtest-unfluff/example.js","s":{"1":2,"2":2,"3":2,"4":2,"5":2,"6":2,"7":2,"8":1,"9":2,"10":2,"11":2,"12":2,"13":1,"14":2,"15":2,"16":2,"17":2,"18":2,"19":0,"20":2,"21":1,"22":1,"23":1,"24":1,"25":1,"26":0,"27":0,"28":1,"29":1,"30":2,"31":0,"32":0,"33":0,"34":1,"35":2,"36":2,"37":2,"38":2,"39":2,"40":2,"41":0,"42":2,"43":2,"44":2,"45":1,"46":3,"47":1,"48":1,"49":1,"50":1,"51":1,"52":1,"53":1,"54":1,"55":1,"56":1,"57":0,"58":1,"59":6,"60":6,"61":1,"62":2,"63":0,"64":2,"65":1,"66":1,"67":0,"68":0,"69":0,"70":0,"71":0,"72":0,"73":0,"74":0,"75":0,"76":0,"77":0,"78":0,"79":0,"80":0,"81":0,"82":0,"83":0},"b":{"1":[2,1,1,1],"2":[1,1,1,1],"3":[1,1],"4":[2,2],"5":[1,1],"6":[1,1],"7":[2,0],"8":[2,1,1,1,1,1],"9":[0,2,0],"10":[1,1],"11":[2,1,1],"12":[1,0],"13":[0,2],"14":[2,0,0,0,0,0,0],"15":[0,2],"16":[2,0],"17":[1,1],"18":[0,1],"19":[1,2,0,2],"20":[1,0],"21":[1,1],"22":[0,0],"23":[0,0],"24":[0,0],"25":[0,0],"26":[0,0],"27":[0,0],"28":[0,0]},"f":{"1":2,"2":2,"3":2,"4":2,"5":2,"6":2,"7":2,"8":2,"9":3,"10":1,"11":6,"12":0},"fnMap":{"1":{"name":"(anonymous_1)","line":26,"loc":{"start":{"line":26,"column":1},"end":{"line":26,"column":13}}},"2":{"name":"(anonymous_2)","line":33,"loc":{"start":{"line":33,"column":5},"end":{"line":33,"column":17}}},"3":{"name":"(anonymous_3)","line":37,"loc":{"start":{"line":37,"column":24},"end":{"line":37,"column":36}}},"4":{"name":"(anonymous_4)","line":69,"loc":{"start":{"line":69,"column":31},"end":{"line":69,"column":48}},"skip":true},"5":{"name":"(anonymous_5)","line":78,"loc":{"start":{"line":78,"column":26},"end":{"line":78,"column":45}},"skip":true},"6":{"name":"(anonymous_6)","line":123,"loc":{"start":{"line":123,"column":33},"end":{"line":123,"column":48}},"skip":true},"7":{"name":"(anonymous_7)","line":125,"loc":{"start":{"line":125,"column":27},"end":{"line":125,"column":39}},"skip":true},"8":{"name":"(anonymous_8)","line":133,"loc":{"start":{"line":133,"column":59},"end":{"line":133,"column":74}},"skip":true},"9":{"name":"(anonymous_9)","line":143,"loc":{"start":{"line":143,"column":45},"end":{"line":143,"column":62}},"skip":true},"10":{"name":"(anonymous_10)","line":144,"loc":{"start":{"line":144,"column":73},"end":{"line":144,"column":92}},"skip":true},"11":{"name":"(anonymous_11)","line":272,"loc":{"start":{"line":272,"column":51},"end":{"line":272,"column":77}},"skip":true},"12":{"name":"(anonymous_12)","line":314,"loc":{"start":{"line":314,"column":32},"end":{"line":314,"column":61}},"skip":true}},"statementMap":{"1":{"start":{"line":26,"column":0},"end":{"line":325,"column":5}},"2":{"start":{"line":28,"column":4},"end":{"line":28,"column":14}},"3":{"start":{"line":33,"column":4},"end":{"line":60,"column":9}},"4":{"start":{"line":35,"column":8},"end":{"line":35,"column":19}},"5":{"start":{"line":37,"column":8},"end":{"line":49,"column":13}},"6":{"start":{"line":38,"column":12},"end":{"line":48,"column":13}},"7":{"start":{"line":39,"column":16},"end":{"line":42,"column":30}},"8":{"start":{"line":44,"column":16},"end":{"line":47,"column":27}},"9":{"start":{"line":51,"column":8},"end":{"line":53,"column":21}},"10":{"start":{"line":55,"column":8},"end":{"line":57,"column":45}},"11":{"start":{"line":59,"column":8},"end":{"line":59,"column":35}},"12":{"start":{"line":61,"column":4},"end":{"line":324,"column":5}},"13":{"start":{"line":69,"column":8},"end":{"line":121,"column":10},"skip":true},"14":{"start":{"line":70,"column":12},"end":{"line":88,"column":13},"skip":true},"15":{"start":{"line":76,"column":16},"end":{"line":87,"column":19},"skip":true},"16":{"start":{"line":79,"column":20},"end":{"line":86,"column":21},"skip":true},"17":{"start":{"line":82,"column":24},"end":{"line":82,"column":43},"skip":true},"18":{"start":{"line":83,"column":24},"end":{"line":83,"column":30},"skip":true},"19":{"start":{"line":85,"column":24},"end":{"line":85,"column":49},"skip":true},"20":{"start":{"line":89,"column":12},"end":{"line":107,"column":13},"skip":true},"21":{"start":{"line":92,"column":16},"end":{"line":102,"column":17},"skip":true},"22":{"start":{"line":93,"column":20},"end":{"line":93,"column":86},"skip":true},"23":{"start":{"line":94,"column":20},"end":{"line":95,"column":45},"skip":true},"24":{"start":{"line":96,"column":20},"end":{"line":96,"column":42},"skip":true},"25":{"start":{"line":97,"column":20},"end":{"line":97,"column":48},"skip":true},"26":{"start":{"line":100,"column":20},"end":{"line":100,"column":85},"skip":true},"27":{"start":{"line":101,"column":20},"end":{"line":101,"column":96},"skip":true},"28":{"start":{"line":103,"column":16},"end":{"line":103,"column":22},"skip":true},"29":{"start":{"line":106,"column":16},"end":{"line":106,"column":22},"skip":true},"30":{"start":{"line":108,"column":12},"end":{"line":120,"column":13},"skip":true},"31":{"start":{"line":114,"column":16},"end":{"line":119,"column":17},"skip":true},"32":{"start":{"line":116,"column":20},"end":{"line":116,"column":78},"skip":true},"33":{"start":{"line":118,"column":20},"end":{"line":118,"column":47},"skip":true},"34":{"start":{"line":123,"column":8},"end":{"line":141,"column":11},"skip":true},"35":{"start":{"line":124,"column":12},"end":{"line":124,"column":54},"skip":true},"36":{"start":{"line":125,"column":12},"end":{"line":140,"column":14},"skip":true},"37":{"start":{"line":126,"column":16},"end":{"line":126,"column":28},"skip":true},"38":{"start":{"line":127,"column":16},"end":{"line":127,"column":69},"skip":true},"39":{"start":{"line":128,"column":16},"end":{"line":128,"column":75},"skip":true},"40":{"start":{"line":129,"column":16},"end":{"line":131,"column":17},"skip":true},"41":{"start":{"line":130,"column":20},"end":{"line":130,"column":27},"skip":true},"42":{"start":{"line":133,"column":16},"end":{"line":137,"column":36},"skip":true},"43":{"start":{"line":134,"column":20},"end":{"line":136,"column":55},"skip":true},"44":{"start":{"line":139,"column":16},"end":{"line":139,"column":57},"skip":true},"45":{"start":{"line":143,"column":8},"end":{"line":147,"column":11},"skip":true},"46":{"start":{"line":144,"column":12},"end":{"line":146,"column":15},"skip":true},"47":{"start":{"line":145,"column":16},"end":{"line":145,"column":70},"skip":true},"48":{"start":{"line":149,"column":8},"end":{"line":149,"column":31},"skip":true},"49":{"start":{"line":150,"column":8},"end":{"line":150,"column":14},"skip":true},"50":{"start":{"line":158,"column":8},"end":{"line":158,"column":31},"skip":true},"51":{"start":{"line":160,"column":8},"end":{"line":160,"column":33},"skip":true},"52":{"start":{"line":161,"column":8},"end":{"line":161,"column":37},"skip":true},"53":{"start":{"line":162,"column":8},"end":{"line":162,"column":35},"skip":true},"54":{"start":{"line":164,"column":8},"end":{"line":164,"column":50},"skip":true},"55":{"start":{"line":166,"column":8},"end":{"line":256,"column":2},"skip":true},"56":{"start":{"line":258,"column":8},"end":{"line":286,"column":9},"skip":true},"57":{"start":{"line":259,"column":12},"end":{"line":269,"column":14},"skip":true},"58":{"start":{"line":271,"column":12},"end":{"line":285,"column":19},"skip":true},"59":{"start":{"line":274,"column":20},"end":{"line":274,"column":35},"skip":true},"60":{"start":{"line":275,"column":20},"end":{"line":284,"column":21},"skip":true},"61":{"start":{"line":277,"column":24},"end":{"line":277,"column":64},"skip":true},"62":{"start":{"line":279,"column":24},"end":{"line":279,"column":40},"skip":true},"63":{"start":{"line":281,"column":24},"end":{"line":281,"column":40},"skip":true},"64":{"start":{"line":283,"column":24},"end":{"line":283,"column":39},"skip":true},"65":{"start":{"line":288,"column":8},"end":{"line":290,"column":9},"skip":true},"66":{"start":{"line":289,"column":12},"end":{"line":289,"column":18},"skip":true},"67":{"start":{"line":291,"column":8},"end":{"line":293,"column":54},"skip":true},"68":{"start":{"line":294,"column":8},"end":{"line":301,"column":37},"skip":true},"69":{"start":{"line":302,"column":8},"end":{"line":302,"column":82},"skip":true},"70":{"start":{"line":305,"column":8},"end":{"line":307,"column":9},"skip":true},"71":{"start":{"line":306,"column":12},"end":{"line":306,"column":82},"skip":true},"72":{"start":{"line":309,"column":8},"end":{"line":311,"column":9},"skip":true},"73":{"start":{"line":310,"column":12},"end":{"line":310,"column":18},"skip":true},"74":{"start":{"line":312,"column":8},"end":{"line":312,"column":54},"skip":true},"75":{"start":{"line":313,"column":8},"end":{"line":313,"column":69},"skip":true},"76":{"start":{"line":314,"column":8},"end":{"line":322,"column":36},"skip":true},"77":{"start":{"line":315,"column":12},"end":{"line":315,"column":61},"skip":true},"78":{"start":{"line":316,"column":12},"end":{"line":319,"column":13},"skip":true},"79":{"start":{"line":317,"column":16},"end":{"line":317,"column":75},"skip":true},"80":{"start":{"line":318,"column":16},"end":{"line":318,"column":23},"skip":true},"81":{"start":{"line":320,"column":12},"end":{"line":320,"column":38},"skip":true},"82":{"start":{"line":321,"column":12},"end":{"line":321,"column":27},"skip":true},"83":{"start":{"line":323,"column":8},"end":{"line":323,"column":14},"skip":true}},"branchMap":{"1":{"line":39,"type":"binary-expr","locations":[{"start":{"line":39,"column":23},"end":{"line":39,"column":62}},{"start":{"line":40,"column":20},"end":{"line":40,"column":70}},{"start":{"line":41,"column":20},"end":{"line":41,"column":71}},{"start":{"line":42,"column":20},"end":{"line":42,"column":29}}]},"2":{"line":44,"type":"binary-expr","locations":[{"start":{"line":44,"column":23},"end":{"line":44,"column":37}},{"start":{"line":45,"column":20},"end":{"line":45,"column":61}},{"start":{"line":46,"column":20},"end":{"line":46,"column":70}},{"start":{"line":47,"column":20},"end":{"line":47,"column":26}}]},"3":{"line":51,"type":"cond-expr","locations":[{"start":{"line":52,"column":14},"end":{"line":52,"column":20}},{"start":{"line":53,"column":14},"end":{"line":53,"column":20}}]},"4":{"line":55,"type":"binary-expr","locations":[{"start":{"line":55,"column":16},"end":{"line":55,"column":44}},{"start":{"line":55,"column":49},"end":{"line":57,"column":43}}]},"5":{"line":55,"type":"cond-expr","locations":[{"start":{"line":56,"column":14},"end":{"line":56,"column":51}},{"start":{"line":57,"column":14},"end":{"line":57,"column":43}}]},"6":{"line":61,"type":"switch","locations":[{"start":{"line":68,"column":4},"end":{"line":150,"column":14},"skip":true},{"start":{"line":156,"column":4},"end":{"line":323,"column":14},"skip":true}]},"7":{"line":70,"type":"if","locations":[{"start":{"line":70,"column":12},"end":{"line":70,"column":12},"skip":true},{"start":{"line":70,"column":12},"end":{"line":70,"column":12},"skip":true}]},"8":{"line":70,"type":"binary-expr","locations":[{"start":{"line":70,"column":16},"end":{"line":70,"column":22},"skip":true},{"start":{"line":70,"column":27},"end":{"line":70,"column":32},"skip":true},{"start":{"line":71,"column":20},"end":{"line":71,"column":39},"skip":true},{"start":{"line":72,"column":20},"end":{"line":72,"column":49},"skip":true},{"start":{"line":73,"column":20},"end":{"line":73,"column":58},"skip":true},{"start":{"line":74,"column":20},"end":{"line":74,"column":69},"skip":true}]},"9":{"line":79,"type":"switch","locations":[{"start":{"line":80,"column":20},"end":{"line":80,"column":33},"skip":true},{"start":{"line":81,"column":20},"end":{"line":83,"column":30},"skip":true},{"start":{"line":84,"column":20},"end":{"line":85,"column":49},"skip":true}]},"10":{"line":89,"type":"switch","locations":[{"start":{"line":90,"column":12},"end":{"line":103,"column":22},"skip":true},{"start":{"line":105,"column":12},"end":{"line":106,"column":22},"skip":true}]},"11":{"line":89,"type":"binary-expr","locations":[{"start":{"line":89,"column":20},"end":{"line":89,"column":25},"skip":true},{"start":{"line":89,"column":29},"end":{"line":89,"column":48},"skip":true},{"start":{"line":89,"column":52},"end":{"line":89,"column":74},"skip":true}]},"12":{"line":92,"type":"if","locations":[{"start":{"line":92,"column":16},"end":{"line":92,"column":16},"skip":true},{"start":{"line":92,"column":16},"end":{"line":92,"column":16},"skip":true}]},"13":{"line":108,"type":"if","locations":[{"start":{"line":108,"column":12},"end":{"line":108,"column":12},"skip":true},{"start":{"line":108,"column":12},"end":{"line":108,"column":12},"skip":true}]},"14":{"line":108,"type":"binary-expr","locations":[{"start":{"line":108,"column":16},"end":{"line":108,"column":61},"skip":true},{"start":{"line":108,"column":66},"end":{"line":108,"column":72},"skip":true},{"start":{"line":108,"column":77},"end":{"line":108,"column":82},"skip":true},{"start":{"line":109,"column":20},"end":{"line":109,"column":39},"skip":true},{"start":{"line":110,"column":20},"end":{"line":110,"column":49},"skip":true},{"start":{"line":111,"column":20},"end":{"line":111,"column":58},"skip":true},{"start":{"line":112,"column":20},"end":{"line":112,"column":68},"skip":true}]},"15":{"line":129,"type":"if","locations":[{"start":{"line":129,"column":16},"end":{"line":129,"column":16},"skip":true},{"start":{"line":129,"column":16},"end":{"line":129,"column":16},"skip":true}]},"16":{"line":134,"type":"cond-expr","locations":[{"start":{"line":135,"column":26},"end":{"line":135,"column":29},"skip":true},{"start":{"line":136,"column":26},"end":{"line":136,"column":54},"skip":true}]},"17":{"line":164,"type":"binary-expr","locations":[{"start":{"line":164,"column":27},"end":{"line":164,"column":43},"skip":true},{"start":{"line":164,"column":47},"end":{"line":164,"column":49},"skip":true}]},"18":{"line":258,"type":"if","locations":[{"start":{"line":258,"column":8},"end":{"line":258,"column":8},"skip":true},{"start":{"line":258,"column":8},"end":{"line":258,"column":8},"skip":true}]},"19":{"line":275,"type":"switch","locations":[{"start":{"line":276,"column":20},"end":{"line":277,"column":64},"skip":true},{"start":{"line":278,"column":20},"end":{"line":279,"column":40},"skip":true},{"start":{"line":280,"column":20},"end":{"line":281,"column":40},"skip":true},{"start":{"line":282,"column":20},"end":{"line":283,"column":39},"skip":true}]},"20":{"line":288,"type":"if","locations":[{"start":{"line":288,"column":8},"end":{"line":288,"column":8},"skip":true},{"start":{"line":288,"column":8},"end":{"line":288,"column":8},"skip":true}]},"21":{"line":288,"type":"binary-expr","locations":[{"start":{"line":288,"column":12},"end":{"line":288,"column":40},"skip":true},{"start":{"line":288,"column":44},"end":{"line":288,"column":67},"skip":true}]},"22":{"line":292,"type":"binary-expr","locations":[{"start":{"line":292,"column":12},"end":{"line":292,"column":50},"skip":true},{"start":{"line":293,"column":12},"end":{"line":293,"column":53},"skip":true}]},"23":{"line":295,"type":"binary-expr","locations":[{"start":{"line":295,"column":12},"end":{"line":295,"column":65},"skip":true},{"start":{"line":296,"column":12},"end":{"line":301,"column":36},"skip":true}]},"24":{"line":302,"type":"binary-expr","locations":[{"start":{"line":302,"column":43},"end":{"line":302,"column":75},"skip":true},{"start":{"line":302,"column":79},"end":{"line":302,"column":81},"skip":true}]},"25":{"line":305,"type":"if","locations":[{"start":{"line":305,"column":8},"end":{"line":305,"column":8},"skip":true},{"start":{"line":305,"column":8},"end":{"line":305,"column":8},"skip":true}]},"26":{"line":309,"type":"if","locations":[{"start":{"line":309,"column":8},"end":{"line":309,"column":8},"skip":true},{"start":{"line":309,"column":8},"end":{"line":309,"column":8},"skip":true}]},"27":{"line":312,"type":"binary-expr","locations":[{"start":{"line":312,"column":27},"end":{"line":312,"column":43},"skip":true},{"start":{"line":312,"column":47},"end":{"line":312,"column":53},"skip":true}]},"28":{"line":316,"type":"if","locations":[{"start":{"line":316,"column":12},"end":{"line":316,"column":12},"skip":true},{"start":{"line":316,"column":12},"end":{"line":316,"column":12},"skip":true}]}},"code":["/*","example.js","","quickstart example","","instruction","    1. save this script as example.js","    2. run the shell command:","        $ npm install npmtest-unfluff && PORT=8081 node example.js","    3. play with the browser-demo on http://127.0.0.1:8081","*/","","","","/* istanbul instrument in package npmtest_unfluff */","/*jslint","    bitwise: true,","    browser: true,","    maxerr: 8,","    maxlen: 96,","    node: true,","    nomen: true,","    regexp: true,","    stupid: true","*/","(function () {","    'use strict';","    var local;","","","","    // run shared js-env code - pre-init","    (function () {","        // init local","        local = {};","        // init modeJs","        local.modeJs = (function () {","            try {","                return typeof navigator.userAgent === 'string' &&","                    typeof document.querySelector('body') === 'object' &&","                    typeof XMLHttpRequest.prototype.open === 'function' &&","                    'browser';","            } catch (errorCaughtBrowser) {","                return module.exports &&","                    typeof process.versions.node === 'string' &&","                    typeof require('http').createServer === 'function' &&","                    'node';","            }","        }());","        // init global","        local.global = local.modeJs === 'browser'","            ? window","            : global;","        // init utility2_rollup","        local = local.global.utility2_rollup || (local.modeJs === 'browser'","            ? local.global.utility2_npmtest_unfluff","            : global.utility2_moduleExports);","        // export local","        local.global.local = local;","    }());","    switch (local.modeJs) {","","","","    // post-init","    // run browser js-env code - post-init","    /* istanbul ignore next */","    case 'browser':","        local.testRunBrowser = function (event) {","            if (!event || (event &&","                    event.currentTarget &&","                    event.currentTarget.className &&","                    event.currentTarget.className.includes &&","                    event.currentTarget.className.includes('onreset'))) {","                // reset output","                Array.from(","                    document.querySelectorAll('body > .resettable')","                ).forEach(function (element) {","                    switch (element.tagName) {","                    case 'INPUT':","                    case 'TEXTAREA':","                        element.value = '';","                        break;","                    default:","                        element.textContent = '';","                    }","                });","            }","            switch (event && event.currentTarget && event.currentTarget.id) {","            case 'testRunButton1':","                // show tests","                if (document.querySelector('#testReportDiv1').style.display === 'none') {","                    document.querySelector('#testReportDiv1').style.display = 'block';","                    document.querySelector('#testRunButton1').textContent =","                        'hide internal test';","                    local.modeTest = true;","                    local.testRunDefault(local);","                // hide tests","                } else {","                    document.querySelector('#testReportDiv1').style.display = 'none';","                    document.querySelector('#testRunButton1').textContent = 'run internal test';","                }","                break;","            // custom-case","            default:","                break;","            }","            if (document.querySelector('#inputTextareaEval1') && (!event || (event &&","                    event.currentTarget &&","                    event.currentTarget.className &&","                    event.currentTarget.className.includes &&","                    event.currentTarget.className.includes('oneval')))) {","                // try to eval input-code","                try {","                    /*jslint evil: true*/","                    eval(document.querySelector('#inputTextareaEval1').value);","                } catch (errorCaught) {","                    console.error(errorCaught);","                }","            }","        };","        // log stderr and stdout to #outputTextareaStdout1","        ['error', 'log'].forEach(function (key) {","            console[key + '_original'] = console[key];","            console[key] = function () {","                var element;","                console[key + '_original'].apply(console, arguments);","                element = document.querySelector('#outputTextareaStdout1');","                if (!element) {","                    return;","                }","                // append text to #outputTextareaStdout1","                element.value += Array.from(arguments).map(function (arg) {","                    return typeof arg === 'string'","                        ? arg","                        : JSON.stringify(arg, null, 4);","                }).join(' ') + '\\n';","                // scroll textarea to bottom","                element.scrollTop = element.scrollHeight;","            };","        });","        // init event-handling","        ['change', 'click', 'keyup'].forEach(function (event) {","            Array.from(document.querySelectorAll('.on' + event)).forEach(function (element) {","                element.addEventListener(event, local.testRunBrowser);","            });","        });","        // run tests","        local.testRunBrowser();","        break;","","","","    // run node js-env code - post-init","    /* istanbul ignore next */","    case 'node':","        // export local","        module.exports = local;","        // require modules","        local.fs = require('fs');","        local.http = require('http');","        local.url = require('url');","        // init assets","        local.assetsDict = local.assetsDict || {};","        /* jslint-ignore-begin */","        local.assetsDict['/assets.index.template.html'] = '\\","<!doctype html>\\n\\","<html lang=\"en\">\\n\\","<head>\\n\\","<meta charset=\"UTF-8\">\\n\\","<meta name=\"viewport\" content=\"width=device-width, initial-scale=1\">\\n\\","<title>{{env.npm_package_name}} (v{{env.npm_package_version}})</title>\\n\\","<style>\\n\\","/*csslint\\n\\","    box-sizing: false,\\n\\","    universal-selector: false\\n\\","*/\\n\\","* {\\n\\","    box-sizing: border-box;\\n\\","}\\n\\","body {\\n\\","    background: #dde;\\n\\","    font-family: Arial, Helvetica, sans-serif;\\n\\","    margin: 2rem;\\n\\","}\\n\\","body > * {\\n\\","    margin-bottom: 1rem;\\n\\","}\\n\\",".utility2FooterDiv {\\n\\","    margin-top: 20px;\\n\\","    text-align: center;\\n\\","}\\n\\","</style>\\n\\","<style>\\n\\","/*csslint\\n\\","*/\\n\\","textarea {\\n\\","    font-family: monospace;\\n\\","    height: 10rem;\\n\\","    width: 100%;\\n\\","}\\n\\","textarea[readonly] {\\n\\","    background: #ddd;\\n\\","}\\n\\","</style>\\n\\","</head>\\n\\","<body>\\n\\","<!-- utility2-comment\\n\\","<div id=\"ajaxProgressDiv1\" style=\"background: #d00; height: 2px; left: 0; margin: 0; padding: 0; position: fixed; top: 0; transition: background 0.5s, width 1.5s; width: 25%;\"></div>\\n\\","utility2-comment -->\\n\\","<h1>\\n\\","<!-- utility2-comment\\n\\","    <a\\n\\","        {{#if env.npm_package_homepage}}\\n\\","        href=\"{{env.npm_package_homepage}}\"\\n\\","        {{/if env.npm_package_homepage}}\\n\\","        target=\"_blank\"\\n\\","    >\\n\\","utility2-comment -->\\n\\","        {{env.npm_package_name}} (v{{env.npm_package_version}})\\n\\","<!-- utility2-comment\\n\\","    </a>\\n\\","utility2-comment -->\\n\\","</h1>\\n\\","<h3>{{env.npm_package_description}}</h3>\\n\\","<!-- utility2-comment\\n\\","<h4><a download href=\"assets.app.js\">download standalone app</a></h4>\\n\\","<button class=\"onclick onreset\" id=\"testRunButton1\">run internal test</button><br>\\n\\","<div id=\"testReportDiv1\" style=\"display: none;\"></div>\\n\\","utility2-comment -->\\n\\","\\n\\","\\n\\","\\n\\","<label>stderr and stdout</label>\\n\\","<textarea class=\"resettable\" id=\"outputTextareaStdout1\" readonly></textarea>\\n\\","<!-- utility2-comment\\n\\","{{#if isRollup}}\\n\\","<script src=\"assets.app.js\"></script>\\n\\","{{#unless isRollup}}\\n\\","utility2-comment -->\\n\\","<script src=\"assets.utility2.rollup.js\"></script>\\n\\","<script src=\"jsonp.utility2._stateInit?callback=window.utility2._stateInit\"></script>\\n\\","<script src=\"assets.npmtest_unfluff.rollup.js\"></script>\\n\\","<script src=\"assets.example.js\"></script>\\n\\","<script src=\"assets.test.js\"></script>\\n\\","<!-- utility2-comment\\n\\","{{/if isRollup}}\\n\\","utility2-comment -->\\n\\","<div class=\"utility2FooterDiv\">\\n\\","    [ this app was created with\\n\\","    <a href=\"https://github.com/kaizhu256/node-utility2\" target=\"_blank\">utility2</a>\\n\\","    ]\\n\\","</div>\\n\\","</body>\\n\\","</html>\\n\\","';","        /* jslint-ignore-end */","        if (local.templateRender) {","            local.assetsDict['/'] = local.templateRender(","                local.assetsDict['/assets.index.template.html'],","                {","                    env: local.objectSetDefault(local.env, {","                        npm_package_description: 'the greatest app in the world!',","                        npm_package_name: 'my-app',","                        npm_package_nameAlias: 'my_app',","                        npm_package_version: '0.0.1'","                    })","                }","            );","        } else {","            local.assetsDict['/'] = local.assetsDict['/assets.index.template.html']","                .replace((/\\{\\{env\\.(\\w+?)\\}\\}/g), function (match0, match1) {","                    // jslint-hack","                    String(match0);","                    switch (match1) {","                    case 'npm_package_description':","                        return 'the greatest app in the world!';","                    case 'npm_package_name':","                        return 'my-app';","                    case 'npm_package_nameAlias':","                        return 'my_app';","                    case 'npm_package_version':","                        return '0.0.1';","                    }","                });","        }","        // run the cli","        if (local.global.utility2_rollup || module !== require.main) {","            break;","        }","        local.assetsDict['/assets.example.js'] =","            local.assetsDict['/assets.example.js'] ||","            local.fs.readFileSync(__filename, 'utf8');","        local.assetsDict['/assets.npmtest_unfluff.rollup.js'] =","            local.assetsDict['/assets.npmtest_unfluff.rollup.js'] ||","            local.fs.readFileSync(","                // buildCustomOrg-hack","                local.npmtest_unfluff.__dirname +","                    '/lib.npmtest_unfluff.js',","                'utf8'","            ).replace((/^#!/), '//');","        local.assetsDict['/favicon.ico'] = local.assetsDict['/favicon.ico'] || '';","        // if $npm_config_timeout_exit exists,","        // then exit this process after $npm_config_timeout_exit ms","        if (Number(process.env.npm_config_timeout_exit)) {","            setTimeout(process.exit, Number(process.env.npm_config_timeout_exit));","        }","        // start server","        if (local.global.utility2_serverHttp1) {","            break;","        }","        process.env.PORT = process.env.PORT || '8081';","        console.error('server starting on port ' + process.env.PORT);","        local.http.createServer(function (request, response) {","            request.urlParsed = local.url.parse(request.url);","            if (local.assetsDict[request.urlParsed.pathname] !== undefined) {","                response.end(local.assetsDict[request.urlParsed.pathname]);","                return;","            }","            response.statusCode = 404;","            response.end();","        }).listen(process.env.PORT);","        break;","    }","}());",""],"l":{"26":2,"28":2,"33":2,"35":2,"37":2,"38":2,"39":2,"44":1,"51":2,"55":2,"59":2,"61":2,"69":1,"70":2,"76":2,"79":2,"82":2,"83":2,"85":1,"89":2,"92":1,"93":1,"94":1,"96":1,"97":1,"100":1,"101":1,"103":1,"106":1,"108":2,"114":1,"116":1,"118":1,"123":1,"124":2,"125":2,"126":2,"127":2,"128":2,"129":2,"130":1,"133":2,"134":2,"139":2,"143":1,"144":3,"145":1,"149":1,"150":1,"158":1,"160":1,"161":1,"162":1,"164":1,"166":1,"258":1,"259":1,"271":1,"274":6,"275":6,"277":1,"279":2,"281":1,"283":2,"288":1,"289":1,"291":1,"294":1,"302":1,"305":1,"306":1,"309":1,"310":1,"312":1,"313":1,"314":1,"315":1,"316":1,"317":1,"318":1,"320":1,"321":1,"323":1}},"/home/travis/build/npmtest/node-npmtest-unfluff/node_modules/unfluff/lib/unfluff.js":{"path":"/home/travis/build/npmtest/node-npmtest-unfluff/node_modules/unfluff/lib/unfluff.js","s":{"1":1,"2":1,"3":1,"4":1,"5":1,"6":1,"7":0,"8":0,"9":0,"10":0,"11":0,"12":0,"13":0,"14":0,"15":0,"16":0,"17":1,"18":0,"19":0,"20":0,"21":0,"22":0,"23":0,"24":0,"25":0,"26":0,"27":0,"28":0,"29":0,"30":0,"31":0,"32":0,"33":0,"34":0,"35":0,"36":0,"37":0,"38":0,"39":0,"40":0,"41":0,"42":0,"43":0,"44":0,"45":0,"46":0,"47":0,"48":0,"49":0,"50":0,"51":0,"52":0,"53":0,"54":0,"55":0,"56":0,"57":0,"58":0,"59":0,"60":0,"61":0,"62":0,"63":0,"64":0,"65":0,"66":0,"67":0,"68":0,"69":0,"70":0,"71":0,"72":0,"73":0,"74":0,"75":0,"76":1,"77":0,"78":1,"79":0,"80":1,"81":0,"82":0,"83":0,"84":0,"85":0,"86":0},"b":{"1":[0,0],"2":[0,0],"3":[0,0],"4":[0,0],"5":[0,0],"6":[0,0],"7":[0,0],"8":[0,0],"9":[0,0],"10":[0,0],"11":[0,0],"12":[0,0],"13":[0,0],"14":[0,0],"15":[0,0],"16":[0,0],"17":[0,0],"18":[0,0],"19":[0,0],"20":[0,0],"21":[0,0]},"f":{"1":1,"2":0,"3":0,"4":0,"5":0,"6":0,"7":0,"8":0,"9":0,"10":0,"11":0,"12":0,"13":0,"14":0,"15":0,"16":0,"17":0,"18":0,"19":0,"20":0,"21":0,"22":0},"fnMap":{"1":{"name":"(anonymous_1)","line":2,"loc":{"start":{"line":2,"column":5},"end":{"line":2,"column":17}}},"2":{"name":"(anonymous_2)","line":7,"loc":{"start":{"line":7,"column":29},"end":{"line":7,"column":55}}},"3":{"name":"(anonymous_3)","line":33,"loc":{"start":{"line":33,"column":17},"end":{"line":33,"column":43}}},"4":{"name":"(anonymous_4)","line":35,"loc":{"start":{"line":35,"column":13},"end":{"line":35,"column":25}}},"5":{"name":"(anonymous_5)","line":40,"loc":{"start":{"line":40,"column":17},"end":{"line":40,"column":29}}},"6":{"name":"(anonymous_6)","line":45,"loc":{"start":{"line":45,"column":12},"end":{"line":45,"column":24}}},"7":{"name":"(anonymous_7)","line":50,"loc":{"start":{"line":50,"column":17},"end":{"line":50,"column":29}}},"8":{"name":"(anonymous_8)","line":55,"loc":{"start":{"line":55,"column":14},"end":{"line":55,"column":26}}},"9":{"name":"(anonymous_9)","line":60,"loc":{"start":{"line":60,"column":17},"end":{"line":60,"column":29}}},"10":{"name":"(anonymous_10)","line":65,"loc":{"start":{"line":65,"column":15},"end":{"line":65,"column":27}}},"11":{"name":"(anonymous_11)","line":70,"loc":{"start":{"line":70,"column":19},"end":{"line":70,"column":31}}},"12":{"name":"(anonymous_12)","line":75,"loc":{"start":{"line":75,"column":16},"end":{"line":75,"column":28}}},"13":{"name":"(anonymous_13)","line":80,"loc":{"start":{"line":80,"column":12},"end":{"line":80,"column":24}}},"14":{"name":"(anonymous_14)","line":85,"loc":{"start":{"line":85,"column":21},"end":{"line":85,"column":33}}},"15":{"name":"(anonymous_15)","line":90,"loc":{"start":{"line":90,"column":12},"end":{"line":90,"column":24}}},"16":{"name":"(anonymous_16)","line":95,"loc":{"start":{"line":95,"column":13},"end":{"line":95,"column":25}}},"17":{"name":"(anonymous_17)","line":100,"loc":{"start":{"line":100,"column":14},"end":{"line":100,"column":26}}},"18":{"name":"(anonymous_18)","line":108,"loc":{"start":{"line":108,"column":12},"end":{"line":108,"column":24}}},"19":{"name":"(anonymous_19)","line":116,"loc":{"start":{"line":116,"column":13},"end":{"line":116,"column":25}}},"20":{"name":"(anonymous_20)","line":126,"loc":{"start":{"line":126,"column":17},"end":{"line":126,"column":33}}},"21":{"name":"(anonymous_21)","line":129,"loc":{"start":{"line":129,"column":15},"end":{"line":129,"column":35}}},"22":{"name":"(anonymous_22)","line":132,"loc":{"start":{"line":132,"column":18},"end":{"line":132,"column":34}}}},"statementMap":{"1":{"start":{"line":2,"column":0},"end":{"line":140,"column":13}},"2":{"start":{"line":3,"column":2},"end":{"line":3,"column":84}},"3":{"start":{"line":4,"column":2},"end":{"line":4,"column":31}},"4":{"start":{"line":5,"column":2},"end":{"line":5,"column":37}},"5":{"start":{"line":6,"column":2},"end":{"line":6,"column":33}},"6":{"start":{"line":7,"column":2},"end":{"line":32,"column":4}},"7":{"start":{"line":8,"column":4},"end":{"line":8,"column":36}},"8":{"start":{"line":9,"column":4},"end":{"line":9,"column":29}},"9":{"start":{"line":10,"column":4},"end":{"line":10,"column":42}},"10":{"start":{"line":11,"column":4},"end":{"line":25,"column":6}},"11":{"start":{"line":26,"column":4},"end":{"line":26,"column":17}},"12":{"start":{"line":27,"column":4},"end":{"line":27,"column":52}},"13":{"start":{"line":28,"column":4},"end":{"line":28,"column":53}},"14":{"start":{"line":29,"column":4},"end":{"line":29,"column":56}},"15":{"start":{"line":30,"column":4},"end":{"line":30,"column":54}},"16":{"start":{"line":31,"column":4},"end":{"line":31,"column":20}},"17":{"start":{"line":33,"column":2},"end":{"line":125,"column":4}},"18":{"start":{"line":34,"column":4},"end":{"line":124,"column":6}},"19":{"start":{"line":36,"column":8},"end":{"line":36,"column":16}},"20":{"start":{"line":37,"column":8},"end":{"line":37,"column":44}},"21":{"start":{"line":38,"column":8},"end":{"line":38,"column":86}},"22":{"start":{"line":41,"column":8},"end":{"line":41,"column":16}},"23":{"start":{"line":42,"column":8},"end":{"line":42,"column":44}},"24":{"start":{"line":43,"column":8},"end":{"line":43,"column":102}},"25":{"start":{"line":46,"column":8},"end":{"line":46,"column":16}},"26":{"start":{"line":47,"column":8},"end":{"line":47,"column":44}},"27":{"start":{"line":48,"column":8},"end":{"line":48,"column":82}},"28":{"start":{"line":51,"column":8},"end":{"line":51,"column":16}},"29":{"start":{"line":52,"column":8},"end":{"line":52,"column":44}},"30":{"start":{"line":53,"column":8},"end":{"line":53,"column":102}},"31":{"start":{"line":56,"column":8},"end":{"line":56,"column":16}},"32":{"start":{"line":57,"column":8},"end":{"line":57,"column":44}},"33":{"start":{"line":58,"column":8},"end":{"line":58,"column":90}},"34":{"start":{"line":61,"column":8},"end":{"line":61,"column":16}},"35":{"start":{"line":62,"column":8},"end":{"line":62,"column":44}},"36":{"start":{"line":63,"column":8},"end":{"line":63,"column":102}},"37":{"start":{"line":66,"column":8},"end":{"line":66,"column":16}},"38":{"start":{"line":67,"column":8},"end":{"line":67,"column":44}},"39":{"start":{"line":68,"column":8},"end":{"line":68,"column":94}},"40":{"start":{"line":71,"column":8},"end":{"line":71,"column":16}},"41":{"start":{"line":72,"column":8},"end":{"line":72,"column":44}},"42":{"start":{"line":73,"column":8},"end":{"line":73,"column":110}},"43":{"start":{"line":76,"column":8},"end":{"line":76,"column":16}},"44":{"start":{"line":77,"column":8},"end":{"line":77,"column":44}},"45":{"start":{"line":78,"column":8},"end":{"line":78,"column":98}},"46":{"start":{"line":81,"column":8},"end":{"line":81,"column":16}},"47":{"start":{"line":82,"column":8},"end":{"line":82,"column":44}},"48":{"start":{"line":83,"column":8},"end":{"line":83,"column":106}},"49":{"start":{"line":86,"column":8},"end":{"line":86,"column":16}},"50":{"start":{"line":87,"column":8},"end":{"line":87,"column":44}},"51":{"start":{"line":88,"column":8},"end":{"line":88,"column":118}},"52":{"start":{"line":91,"column":8},"end":{"line":91,"column":16}},"53":{"start":{"line":92,"column":8},"end":{"line":92,"column":44}},"54":{"start":{"line":93,"column":8},"end":{"line":93,"column":82}},"55":{"start":{"line":96,"column":8},"end":{"line":96,"column":16}},"56":{"start":{"line":97,"column":8},"end":{"line":97,"column":44}},"57":{"start":{"line":98,"column":8},"end":{"line":98,"column":86}},"58":{"start":{"line":101,"column":8},"end":{"line":101,"column":25}},"59":{"start":{"line":102,"column":8},"end":{"line":103,"column":30}},"60":{"start":{"line":103,"column":10},"end":{"line":103,"column":30}},"61":{"start":{"line":104,"column":8},"end":{"line":104,"column":45}},"62":{"start":{"line":105,"column":8},"end":{"line":105,"column":58}},"63":{"start":{"line":106,"column":8},"end":{"line":106,"column":61}},"64":{"start":{"line":109,"column":8},"end":{"line":109,"column":25}},"65":{"start":{"line":110,"column":8},"end":{"line":111,"column":28}},"66":{"start":{"line":111,"column":10},"end":{"line":111,"column":28}},"67":{"start":{"line":112,"column":8},"end":{"line":112,"column":45}},"68":{"start":{"line":113,"column":8},"end":{"line":113,"column":58}},"69":{"start":{"line":114,"column":8},"end":{"line":114,"column":70}},"70":{"start":{"line":117,"column":8},"end":{"line":117,"column":25}},"71":{"start":{"line":118,"column":8},"end":{"line":119,"column":29}},"72":{"start":{"line":119,"column":10},"end":{"line":119,"column":29}},"73":{"start":{"line":120,"column":8},"end":{"line":120,"column":45}},"74":{"start":{"line":121,"column":8},"end":{"line":121,"column":58}},"75":{"start":{"line":122,"column":8},"end":{"line":122,"column":72}},"76":{"start":{"line":126,"column":2},"end":{"line":128,"column":4}},"77":{"start":{"line":127,"column":4},"end":{"line":127,"column":74}},"78":{"start":{"line":129,"column":2},"end":{"line":131,"column":4}},"79":{"start":{"line":130,"column":4},"end":{"line":130,"column":105}},"80":{"start":{"line":132,"column":2},"end":{"line":139,"column":4}},"81":{"start":{"line":133,"column":4},"end":{"line":133,"column":12}},"82":{"start":{"line":134,"column":4},"end":{"line":135,"column":30}},"83":{"start":{"line":135,"column":6},"end":{"line":135,"column":30}},"84":{"start":{"line":136,"column":4},"end":{"line":136,"column":40}},"85":{"start":{"line":137,"column":4},"end":{"line":137,"column":36}},"86":{"start":{"line":138,"column":4},"end":{"line":138,"column":28}}},"branchMap":{"1":{"line":10,"type":"binary-expr","locations":[{"start":{"line":10,"column":10},"end":{"line":10,"column":18}},{"start":{"line":10,"column":22},"end":{"line":10,"column":41}}]},"2":{"line":38,"type":"cond-expr","locations":[{"start":{"line":38,"column":37},"end":{"line":38,"column":48}},{"start":{"line":38,"column":51},"end":{"line":38,"column":85}}]},"3":{"line":43,"type":"cond-expr","locations":[{"start":{"line":43,"column":41},"end":{"line":43,"column":56}},{"start":{"line":43,"column":59},"end":{"line":43,"column":101}}]},"4":{"line":48,"type":"cond-expr","locations":[{"start":{"line":48,"column":36},"end":{"line":48,"column":46}},{"start":{"line":48,"column":49},"end":{"line":48,"column":81}}]},"5":{"line":53,"type":"cond-expr","locations":[{"start":{"line":53,"column":41},"end":{"line":53,"column":56}},{"start":{"line":53,"column":59},"end":{"line":53,"column":101}}]},"6":{"line":58,"type":"cond-expr","locations":[{"start":{"line":58,"column":38},"end":{"line":58,"column":50}},{"start":{"line":58,"column":53},"end":{"line":58,"column":89}}]},"7":{"line":63,"type":"cond-expr","locations":[{"start":{"line":63,"column":41},"end":{"line":63,"column":56}},{"start":{"line":63,"column":59},"end":{"line":63,"column":101}}]},"8":{"line":68,"type":"cond-expr","locations":[{"start":{"line":68,"column":39},"end":{"line":68,"column":52}},{"start":{"line":68,"column":55},"end":{"line":68,"column":93}}]},"9":{"line":73,"type":"cond-expr","locations":[{"start":{"line":73,"column":43},"end":{"line":73,"column":60}},{"start":{"line":73,"column":63},"end":{"line":73,"column":109}}]},"10":{"line":78,"type":"cond-expr","locations":[{"start":{"line":78,"column":40},"end":{"line":78,"column":54}},{"start":{"line":78,"column":57},"end":{"line":78,"column":97}}]},"11":{"line":83,"type":"cond-expr","locations":[{"start":{"line":83,"column":40},"end":{"line":83,"column":54}},{"start":{"line":83,"column":57},"end":{"line":83,"column":105}}]},"12":{"line":83,"type":"binary-expr","locations":[{"start":{"line":83,"column":74},"end":{"line":83,"column":82}},{"start":{"line":83,"column":86},"end":{"line":83,"column":105}}]},"13":{"line":88,"type":"cond-expr","locations":[{"start":{"line":88,"column":45},"end":{"line":88,"column":64}},{"start":{"line":88,"column":67},"end":{"line":88,"column":117}}]},"14":{"line":93,"type":"cond-expr","locations":[{"start":{"line":93,"column":36},"end":{"line":93,"column":46}},{"start":{"line":93,"column":49},"end":{"line":93,"column":81}}]},"15":{"line":98,"type":"cond-expr","locations":[{"start":{"line":98,"column":37},"end":{"line":98,"column":48}},{"start":{"line":98,"column":51},"end":{"line":98,"column":85}}]},"16":{"line":102,"type":"if","locations":[{"start":{"line":102,"column":8},"end":{"line":102,"column":8}},{"start":{"line":102,"column":8},"end":{"line":102,"column":8}}]},"17":{"line":110,"type":"if","locations":[{"start":{"line":110,"column":8},"end":{"line":110,"column":8}},{"start":{"line":110,"column":8},"end":{"line":110,"column":8}}]},"18":{"line":118,"type":"if","locations":[{"start":{"line":118,"column":8},"end":{"line":118,"column":8}},{"start":{"line":118,"column":8},"end":{"line":118,"column":8}}]},"19":{"line":127,"type":"cond-expr","locations":[{"start":{"line":127,"column":31},"end":{"line":127,"column":40}},{"start":{"line":127,"column":43},"end":{"line":127,"column":73}}]},"20":{"line":130,"type":"cond-expr","locations":[{"start":{"line":130,"column":35},"end":{"line":130,"column":48}},{"start":{"line":130,"column":51},"end":{"line":130,"column":104}}]},"21":{"line":134,"type":"if","locations":[{"start":{"line":134,"column":4},"end":{"line":134,"column":4}},{"start":{"line":134,"column":4},"end":{"line":134,"column":4}}]}},"code":["// Generated by CoffeeScript 2.0.0-beta7","void function () {","  var cheerio, cleaner, extractor, getCleanedDoc, getParsedDoc, getTopNode, unfluff;","  cheerio = require('cheerio');","  extractor = require('./extractor');","  cleaner = require('./cleaner');","  module.exports = unfluff = function (html, language) {","    var doc, lng, pageData, topNode;","    doc = cheerio.load(html);","    lng = language || extractor.lang(doc);","    pageData = {","      title: extractor.title(doc),","      softTitle: extractor.softTitle(doc),","      date: extractor.date(doc),","      author: extractor.author(doc),","      publisher: extractor.publisher(doc),","      copyright: extractor.copyright(doc),","      favicon: extractor.favicon(doc),","      description: extractor.description(doc),","      keywords: extractor.keywords(doc),","      lang: lng,","      canonicalLink: extractor.canonicalLink(doc),","      tags: extractor.tags(doc),","      image: extractor.image(doc)","    };","    cleaner(doc);","    topNode = extractor.calculateBestNode(doc, lng);","    pageData.videos = extractor.videos(doc, topNode);","    pageData.links = extractor.links(doc, topNode, lng);","    pageData.text = extractor.text(doc, topNode, lng);","    return pageData;","  };","  unfluff.lazy = function (html, language) {","    return {","      title: function () {","        var doc;","        doc = getParsedDoc.call(this, html);","        return null != this.title_ ? this.title_ : this.title_ = extractor.title(doc);","      },","      softTitle: function () {","        var doc;","        doc = getParsedDoc.call(this, html);","        return null != this.softTitle_ ? this.softTitle_ : this.softTitle_ = extractor.softTitle(doc);","      },","      date: function () {","        var doc;","        doc = getParsedDoc.call(this, html);","        return null != this.date_ ? this.date_ : this.date_ = extractor.date(doc);","      },","      copyright: function () {","        var doc;","        doc = getParsedDoc.call(this, html);","        return null != this.copyright_ ? this.copyright_ : this.copyright_ = extractor.copyright(doc);","      },","      author: function () {","        var doc;","        doc = getParsedDoc.call(this, html);","        return null != this.author_ ? this.author_ : this.author_ = extractor.author(doc);","      },","      publisher: function () {","        var doc;","        doc = getParsedDoc.call(this, html);","        return null != this.publisher_ ? this.publisher_ : this.publisher_ = extractor.publisher(doc);","      },","      favicon: function () {","        var doc;","        doc = getParsedDoc.call(this, html);","        return null != this.favicon_ ? this.favicon_ : this.favicon_ = extractor.favicon(doc);","      },","      description: function () {","        var doc;","        doc = getParsedDoc.call(this, html);","        return null != this.description_ ? this.description_ : this.description_ = extractor.description(doc);","      },","      keywords: function () {","        var doc;","        doc = getParsedDoc.call(this, html);","        return null != this.keywords_ ? this.keywords_ : this.keywords_ = extractor.keywords(doc);","      },","      lang: function () {","        var doc;","        doc = getParsedDoc.call(this, html);","        return null != this.language_ ? this.language_ : this.language_ = language || extractor.lang(doc);","      },","      canonicalLink: function () {","        var doc;","        doc = getParsedDoc.call(this, html);","        return null != this.canonicalLink_ ? this.canonicalLink_ : this.canonicalLink_ = extractor.canonicalLink(doc);","      },","      tags: function () {","        var doc;","        doc = getParsedDoc.call(this, html);","        return null != this.tags_ ? this.tags_ : this.tags_ = extractor.tags(doc);","      },","      image: function () {","        var doc;","        doc = getParsedDoc.call(this, html);","        return null != this.image_ ? this.image_ : this.image_ = extractor.image(doc);","      },","      videos: function () {","        var doc, topNode;","        if (null != this.videos_)","          return this.videos_;","        doc = getCleanedDoc.call(this, html);","        topNode = getTopNode.call(this, doc, this.lang());","        return this.videos_ = extractor.videos(doc, topNode);","      },","      text: function () {","        var doc, topNode;","        if (null != this.text_)","          return this.text_;","        doc = getCleanedDoc.call(this, html);","        topNode = getTopNode.call(this, doc, this.lang());","        return this.text_ = extractor.text(doc, topNode, this.lang());","      },","      links: function () {","        var doc, topNode;","        if (null != this.links_)","          return this.links_;","        doc = getCleanedDoc.call(this, html);","        topNode = getTopNode.call(this, doc, this.lang());","        return this.links_ = extractor.links(doc, topNode, this.lang());","      }","    };","  };","  getParsedDoc = function (html) {","    return null != this.doc_ ? this.doc_ : this.doc_ = cheerio.load(html);","  };","  getTopNode = function (doc, lng) {","    return null != this.topNode_ ? this.topNode_ : this.topNode_ = extractor.calculateBestNode(doc, lng);","  };","  getCleanedDoc = function (html) {","    var doc;","    if (null != this.cleanedDoc_)","      return this.cleanedDoc_;","    doc = getParsedDoc.call(this, html);","    this.cleanedDoc_ = cleaner(doc);","    return this.cleanedDoc_;","  };","}.call(this);",""],"l":{"2":1,"3":1,"4":1,"5":1,"6":1,"7":1,"8":0,"9":0,"10":0,"11":0,"26":0,"27":0,"28":0,"29":0,"30":0,"31":0,"33":1,"34":0,"36":0,"37":0,"38":0,"41":0,"42":0,"43":0,"46":0,"47":0,"48":0,"51":0,"52":0,"53":0,"56":0,"57":0,"58":0,"61":0,"62":0,"63":0,"66":0,"67":0,"68":0,"71":0,"72":0,"73":0,"76":0,"77":0,"78":0,"81":0,"82":0,"83":0,"86":0,"87":0,"88":0,"91":0,"92":0,"93":0,"96":0,"97":0,"98":0,"101":0,"102":0,"103":0,"104":0,"105":0,"106":0,"109":0,"110":0,"111":0,"112":0,"113":0,"114":0,"117":0,"118":0,"119":0,"120":0,"121":0,"122":0,"126":1,"127":0,"129":1,"130":0,"132":1,"133":0,"134":0,"135":0,"136":0,"137":0,"138":0}},"/home/travis/build/npmtest/node-npmtest-unfluff/node_modules/unfluff/lib/extractor.js":{"path":"/home/travis/build/npmtest/node-npmtest-unfluff/node_modules/unfluff/lib/extractor.js","s":{"1":1,"2":1,"3":1,"4":1,"5":1,"6":1,"7":0,"8":0,"9":0,"10":0,"11":0,"12":0,"13":0,"14":0,"15":0,"16":0,"17":0,"18":0,"19":0,"20":0,"21":0,"22":0,"23":0,"24":0,"25":0,"26":0,"27":0,"28":0,"29":0,"30":0,"31":0,"32":0,"33":0,"34":0,"35":0,"36":0,"37":0,"38":0,"39":0,"40":0,"41":0,"42":0,"43":0,"44":0,"45":0,"46":0,"47":0,"48":0,"49":0,"50":0,"51":0,"52":0,"53":0,"54":0,"55":0,"56":0,"57":0,"58":0,"59":0,"60":0,"61":0,"62":0,"63":0,"64":0,"65":0,"66":0,"67":0,"68":0,"69":0,"70":0,"71":0,"72":0,"73":0,"74":0,"75":0,"76":0,"77":0,"78":0,"79":0,"80":0,"81":0,"82":0,"83":0,"84":0,"85":0,"86":0,"87":0,"88":0,"89":0,"90":0,"91":0,"92":0,"93":0,"94":0,"95":0,"96":0,"97":0,"98":0,"99":0,"100":0,"101":0,"102":0,"103":0,"104":0,"105":0,"106":0,"107":0,"108":0,"109":0,"110":0,"111":0,"112":0,"113":0,"114":0,"115":0,"116":0,"117":0,"118":0,"119":0,"120":0,"121":0,"122":0,"123":0,"124":0,"125":0,"126":0,"127":0,"128":0,"129":0,"130":0,"131":0,"132":0,"133":0,"134":0,"135":0,"136":0,"137":0,"138":0,"139":0,"140":0,"141":0,"142":0,"143":0,"144":0,"145":0,"146":0,"147":0,"148":0,"149":0,"150":0,"151":0,"152":0,"153":0,"154":0,"155":0,"156":0,"157":0,"158":0,"159":0,"160":0,"161":0,"162":0,"163":0,"164":0,"165":0,"166":0,"167":0,"168":0,"169":0,"170":0,"171":0,"172":0,"173":0,"174":0,"175":0,"176":0,"177":0,"178":0,"179":0,"180":0,"181":0,"182":0,"183":0,"184":0,"185":0,"186":0,"187":0,"188":0,"189":1,"190":0,"191":0,"192":0,"193":1,"194":0,"195":0,"196":0,"197":0,"198":0,"199":0,"200":0,"201":0,"202":1,"203":0,"204":0,"205":0,"206":0,"207":0,"208":0,"209":0,"210":0,"211":0,"212":1,"213":0,"214":0,"215":0,"216":0,"217":0,"218":0,"219":0,"220":0,"221":0,"222":0,"223":0,"224":0,"225":0,"226":0,"227":0,"228":0,"229":0,"230":0,"231":0,"232":0,"233":0,"234":1,"235":0,"236":0,"237":0,"238":0,"239":0,"240":0,"241":0,"242":0,"243":0,"244":0,"245":1,"246":0,"247":0,"248":0,"249":0,"250":0,"251":0,"252":0,"253":0,"254":0,"255":0,"256":0,"257":0,"258":0,"259":0,"260":0,"261":0,"262":0,"263":0,"264":0,"265":0,"266":1,"267":0,"268":0,"269":0,"270":0,"271":0,"272":0,"273":0,"274":0,"275":0,"276":0,"277":0,"278":0,"279":0,"280":0,"281":0,"282":0,"283":0,"284":1,"285":0,"286":0,"287":0,"288":0,"289":0,"290":0,"291":0,"292":1,"293":0,"294":0,"295":0,"296":0,"297":0,"298":0,"299":0,"300":1,"301":0,"302":0,"303":0,"304":0,"305":0,"306":0,"307":0,"308":0,"309":0,"310":0,"311":0,"312":0,"313":0,"314":0,"315":0,"316":0,"317":0,"318":1,"319":0,"320":0,"321":0,"322":0,"323":0,"324":1,"325":0,"326":0,"327":0,"328":0,"329":0,"330":0,"331":0,"332":0,"333":0,"334":0,"335":0,"336":0,"337":1,"338":0,"339":0,"340":0,"341":0,"342":0,"343":0,"344":0,"345":1,"346":0,"347":0,"348":0,"349":0,"350":0,"351":0,"352":0,"353":0,"354":0,"355":0,"356":1,"357":0,"358":1,"359":0,"360":0,"361":0,"362":0,"363":0,"364":0,"365":0,"366":0,"367":1,"368":0,"369":0,"370":0,"371":0,"372":0,"373":0,"374":0,"375":0},"b":{"1":[0,0,0,0],"2":[0,0],"3":[0,0,0],"4":[0,0],"5":[0,0,0],"6":[0,0],"7":[0,0],"8":[0,0],"9":[0,0],"10":[0,0],"11":[0,0],"12":[0,0],"13":[0,0],"14":[0,0],"15":[0,0],"16":[0,0,0,0,0,0],"17":[0,0],"18":[0,0],"19":[0,0],"20":[0,0],"21":[0,0],"22":[0,0],"23":[0,0],"24":[0,0],"25":[0,0,0],"26":[0,0],"27":[0,0],"28":[0,0],"29":[0,0],"30":[0,0],"31":[0,0],"32":[0,0],"33":[0,0],"34":[0,0],"35":[0,0],"36":[0,0],"37":[0,0],"38":[0,0],"39":[0,0,0,0],"40":[0,0],"41":[0,0],"42":[0,0],"43":[0,0],"44":[0,0],"45":[0,0],"46":[0,0],"47":[0,0],"48":[0,0],"49":[0,0,0],"50":[0,0],"51":[0,0],"52":[0,0],"53":[0,0],"54":[0,0],"55":[0,0],"56":[0,0],"57":[0,0],"58":[0,0],"59":[0,0],"60":[0,0],"61":[0,0],"62":[0,0],"63":[0,0],"64":[0,0],"65":[0,0],"66":[0,0],"67":[0,0],"68":[0,0],"69":[0,0],"70":[0,0],"71":[0,0],"72":[0,0],"73":[0,0],"74":[0,0],"75":[0,0],"76":[0,0],"77":[0,0],"78":[0,0],"79":[0,0],"80":[0,0],"81":[0,0],"82":[0,0],"83":[0,0],"84":[0,0],"85":[0,0],"86":[0,0],"87":[0,0],"88":[0,0],"89":[0,0,0],"90":[0,0],"91":[0,0],"92":[0,0,0,0],"93":[0,0],"94":[0,0],"95":[0,0],"96":[0,0,0],"97":[0,0],"98":[0,0],"99":[0,0],"100":[0,0],"101":[0,0],"102":[0,0],"103":[0,0],"104":[0,0],"105":[0,0],"106":[0,0],"107":[0,0],"108":[0,0],"109":[0,0],"110":[0,0],"111":[0,0,0]},"f":{"1":1,"2":0,"3":0,"4":0,"5":0,"6":0,"7":0,"8":0,"9":0,"10":0,"11":0,"12":0,"13":0,"14":0,"15":0,"16":0,"17":0,"18":0,"19":0,"20":0,"21":0,"22":0,"23":0,"24":0,"25":0,"26":0,"27":0,"28":0,"29":0,"30":0,"31":0,"32":0,"33":0,"34":0,"35":0,"36":0,"37":0,"38":0,"39":0,"40":0,"41":0,"42":0,"43":0,"44":0,"45":0,"46":0,"47":0,"48":0,"49":0,"50":0,"51":0,"52":0,"53":0,"54":0,"55":0,"56":0},"fnMap":{"1":{"name":"(anonymous_1)","line":2,"loc":{"start":{"line":2,"column":5},"end":{"line":2,"column":17}}},"2":{"name":"(anonymous_2)","line":8,"loc":{"start":{"line":8,"column":10},"end":{"line":8,"column":25}}},"3":{"name":"(anonymous_3)","line":13,"loc":{"start":{"line":13,"column":15},"end":{"line":13,"column":30}}},"4":{"name":"(anonymous_4)","line":25,"loc":{"start":{"line":25,"column":12},"end":{"line":25,"column":27}}},"5":{"name":"(anonymous_5)","line":29,"loc":{"start":{"line":29,"column":28},"end":{"line":29,"column":40}}},"6":{"name":"(anonymous_6)","line":42,"loc":{"start":{"line":42,"column":15},"end":{"line":42,"column":30}}},"7":{"name":"(anonymous_7)","line":48,"loc":{"start":{"line":48,"column":11},"end":{"line":48,"column":26}}},"8":{"name":"(anonymous_8)","line":58,"loc":{"start":{"line":58,"column":15},"end":{"line":58,"column":30}}},"9":{"name":"(anonymous_9)","line":67,"loc":{"start":{"line":67,"column":10},"end":{"line":67,"column":40}}},"10":{"name":"(anonymous_10)","line":75,"loc":{"start":{"line":75,"column":11},"end":{"line":75,"column":26}}},"11":{"name":"(anonymous_11)","line":82,"loc":{"start":{"line":82,"column":11},"end":{"line":82,"column":41}}},"12":{"name":"(anonymous_12)","line":85,"loc":{"start":{"line":85,"column":20},"end":{"line":85,"column":44}}},"13":{"name":"(anonymous_13)","line":88,"loc":{"start":{"line":88,"column":26},"end":{"line":88,"column":38}}},"14":{"name":"(anonymous_14)","line":105,"loc":{"start":{"line":105,"column":12},"end":{"line":105,"column":36}}},"15":{"name":"(anonymous_15)","line":109,"loc":{"start":{"line":109,"column":22},"end":{"line":109,"column":34}}},"16":{"name":"(anonymous_16)","line":127,"loc":{"start":{"line":127,"column":24},"end":{"line":127,"column":39}}},"17":{"name":"(anonymous_17)","line":135,"loc":{"start":{"line":135,"column":13},"end":{"line":135,"column":28}}},"18":{"name":"(anonymous_18)","line":137,"loc":{"start":{"line":137,"column":31},"end":{"line":137,"column":43}}},"19":{"name":"(anonymous_19)","line":143,"loc":{"start":{"line":143,"column":10},"end":{"line":143,"column":25}}},"20":{"name":"(anonymous_20)","line":157,"loc":{"start":{"line":157,"column":17},"end":{"line":157,"column":32}}},"21":{"name":"(anonymous_21)","line":163,"loc":{"start":{"line":163,"column":14},"end":{"line":163,"column":29}}},"22":{"name":"(anonymous_22)","line":169,"loc":{"start":{"line":169,"column":19},"end":{"line":169,"column":34}}},"23":{"name":"(anonymous_23)","line":175,"loc":{"start":{"line":175,"column":10},"end":{"line":175,"column":25}}},"24":{"name":"(anonymous_24)","line":184,"loc":{"start":{"line":184,"column":20},"end":{"line":184,"column":32}}},"25":{"name":"(anonymous_25)","line":194,"loc":{"start":{"line":194,"column":23},"end":{"line":194,"column":44}}},"26":{"name":"(anonymous_26)","line":203,"loc":{"start":{"line":203,"column":24},"end":{"line":203,"column":36}}},"27":{"name":"(anonymous_27)","line":215,"loc":{"start":{"line":215,"column":28},"end":{"line":215,"column":44}}},"28":{"name":"(anonymous_28)","line":250,"loc":{"start":{"line":250,"column":26},"end":{"line":250,"column":39}}},"29":{"name":"(anonymous_29)","line":263,"loc":{"start":{"line":263,"column":18},"end":{"line":263,"column":39}}},"30":{"name":"(anonymous_30)","line":272,"loc":{"start":{"line":272,"column":17},"end":{"line":272,"column":38}}},"31":{"name":"(anonymous_31)","line":282,"loc":{"start":{"line":282,"column":22},"end":{"line":282,"column":49}}},"32":{"name":"(anonymous_32)","line":287,"loc":{"start":{"line":287,"column":24},"end":{"line":287,"column":44}}},"33":{"name":"(anonymous_33)","line":295,"loc":{"start":{"line":295,"column":16},"end":{"line":295,"column":43}}},"34":{"name":"(anonymous_34)","line":302,"loc":{"start":{"line":302,"column":15},"end":{"line":302,"column":27}}},"35":{"name":"(anonymous_35)","line":322,"loc":{"start":{"line":322,"column":16},"end":{"line":322,"column":46}}},"36":{"name":"(anonymous_36)","line":326,"loc":{"start":{"line":326,"column":14},"end":{"line":326,"column":26}}},"37":{"name":"(anonymous_37)","line":330,"loc":{"start":{"line":330,"column":24},"end":{"line":330,"column":37}}},"38":{"name":"(anonymous_38)","line":336,"loc":{"start":{"line":336,"column":23},"end":{"line":336,"column":87}}},"39":{"name":"(anonymous_39)","line":346,"loc":{"start":{"line":346,"column":33},"end":{"line":346,"column":45}}},"40":{"name":"(anonymous_40)","line":364,"loc":{"start":{"line":364,"column":21},"end":{"line":364,"column":51}}},"41":{"name":"(anonymous_41)","line":370,"loc":{"start":{"line":370,"column":22},"end":{"line":370,"column":34}}},"42":{"name":"(anonymous_42)","line":385,"loc":{"start":{"line":385,"column":16},"end":{"line":385,"column":44}}},"43":{"name":"(anonymous_43)","line":394,"loc":{"start":{"line":394,"column":20},"end":{"line":394,"column":48}}},"44":{"name":"(anonymous_44)","line":403,"loc":{"start":{"line":403,"column":22},"end":{"line":403,"column":43}}},"45":{"name":"(anonymous_45)","line":412,"loc":{"start":{"line":412,"column":15},"end":{"line":412,"column":27}}},"46":{"name":"(anonymous_46)","line":423,"loc":{"start":{"line":423,"column":13},"end":{"line":423,"column":29}}},"47":{"name":"(anonymous_47)","line":432,"loc":{"start":{"line":432,"column":26},"end":{"line":432,"column":44}}},"48":{"name":"(anonymous_48)","line":435,"loc":{"start":{"line":435,"column":23},"end":{"line":435,"column":35}}},"49":{"name":"(anonymous_49)","line":449,"loc":{"start":{"line":449,"column":28},"end":{"line":449,"column":52}}},"50":{"name":"(anonymous_50)","line":460,"loc":{"start":{"line":460,"column":16},"end":{"line":460,"column":49}}},"51":{"name":"(anonymous_51)","line":463,"loc":{"start":{"line":463,"column":25},"end":{"line":463,"column":37}}},"52":{"name":"(anonymous_52)","line":474,"loc":{"start":{"line":474,"column":14},"end":{"line":474,"column":30}}},"53":{"name":"(anonymous_53)","line":477,"loc":{"start":{"line":477,"column":15},"end":{"line":477,"column":44}}},"54":{"name":"(anonymous_54)","line":481,"loc":{"start":{"line":481,"column":23},"end":{"line":481,"column":36}}},"55":{"name":"(anonymous_55)","line":489,"loc":{"start":{"line":489,"column":13},"end":{"line":489,"column":28}}},"56":{"name":"(anonymous_56)","line":499,"loc":{"start":{"line":499,"column":7},"end":{"line":499,"column":28}}}},"statementMap":{"1":{"start":{"line":2,"column":0},"end":{"line":507,"column":13}},"2":{"start":{"line":3,"column":2},"end":{"line":3,"column":295}},"3":{"start":{"line":4,"column":2},"end":{"line":4,"column":24}},"4":{"start":{"line":5,"column":2},"end":{"line":5,"column":37}},"5":{"start":{"line":6,"column":2},"end":{"line":6,"column":37}},"6":{"start":{"line":7,"column":2},"end":{"l
[...]
:66,"column":4},"end":{"line":68,"column":7}},"56":{"start":{"line":67,"column":6},"end":{"line":67,"column":37}},"57":{"start":{"line":69,"column":4},"end":{"line":69,"column":34}},"58":{"start":{"line":71,"column":2},"end":{"line":80,"column":4}},"59":{"start":{"line":72,"column":4},"end":{"line":72,"column":36}},"60":{"start":{"line":73,"column":4},"end":{"line":73,"column":678}},"61":{"start":{"line":74,"column":4},"end":{"line":74,"column":40}},"62":{"start":{"line":75,"column":4},"end":{"line":78,"column":7}},"63":{"start":{"line":76,"column":6},"end":{"line":76,"column":35}},"64":{"start":{"line":77,"column":6},"end":{"line":77,"column":238}},"65":{"start":{"line":79,"column":4},"end":{"line":79,"column":34}},"66":{"start":{"line":81,"column":2},"end":{"line":88,"column":4}},"67":{"start":{"line":82,"column":4},"end":{"line":82,"column":17}},"68":{"start":{"line":83,"column":4},"end":{"line":86,"column":7}},"69":{"start":{"line":84,"column":6},"end":{"line":84,"column":26}},"70":{"start":{"line":85,"column":6},"end":{"line":85,"column":171}},"71":{"start":{"line":87,"column":4},"end":{"line":87,"column":34}},"72":{"start":{"line":89,"column":2},"end":{"line":95,"column":4}},"73":{"start":{"line":90,"column":4},"end":{"line":90,"column":14}},"74":{"start":{"line":91,"column":4},"end":{"line":91,"column":26}},"75":{"start":{"line":92,"column":4},"end":{"line":94,"column":7}},"76":{"start":{"line":93,"column":6},"end":{"line":93,"column":53}},"77":{"start":{"line":96,"column":2},"end":{"line":102,"column":4}},"78":{"start":{"line":97,"column":4},"end":{"line":97,"column":14}},"79":{"start":{"line":98,"column":4},"end":{"line":98,"column":21}},"80":{"start":{"line":99,"column":4},"end":{"line":101,"column":7}},"81":{"start":{"line":100,"column":6},"end":{"line":100,"column":53}},"82":{"start":{"line":103,"column":2},"end":{"line":156,"column":4}},"83":{"start":{"line":104,"column":4},"end":{"line":104,"column":67}},"84":{"start":{"line":105,"column":4},"end":{"line":105,"column":25}},"85":{"start":{"line":106,"column":4},"end":{"line":106,"column":23}},"86":{"start":{"line":107,"column":4},"end":{"line":107,"column":23}},"87":{"start":{"line":108,"column":4},"end":{"line":108,"column":28}},"88":{"start":{"line":109,"column":4},"end":{"line":146,"column":7}},"89":{"start":{"line":110,"column":6},"end":{"line":110,"column":99}},"90":{"start":{"line":111,"column":6},"end":{"line":111,"column":22}},"91":{"start":{"line":112,"column":6},"end":{"line":145,"column":7}},"92":{"start":{"line":113,"column":8},"end":{"line":113,"column":39}},"93":{"start":{"line":114,"column":8},"end":{"line":114,"column":32}},"94":{"start":{"line":115,"column":8},"end":{"line":115,"column":29}},"95":{"start":{"line":116,"column":8},"end":{"line":116,"column":51}},"96":{"start":{"line":117,"column":13},"end":{"line":145,"column":7}},"97":{"start":{"line":118,"column":8},"end":{"line":118,"column":26}},"98":{"start":{"line":119,"column":8},"end":{"line":119,"column":29}},"99":{"start":{"line":120,"column":8},"end":{"line":120,"column":94}},"100":{"start":{"line":121,"column":8},"end":{"line":142,"column":9}},"101":{"start":{"line":122,"column":10},"end":{"line":122,"column":51}},"102":{"start":{"line":123,"column":10},"end":{"line":129,"column":11}},"103":{"start":{"line":124,"column":12},"end":{"line":124,"column":62}},"104":{"start":{"line":125,"column":12},"end":{"line":125,"column":40}},"105":{"start":{"line":126,"column":12},"end":{"line":126,"column":52}},"106":{"start":{"line":127,"column":12},"end":{"line":127,"column":63}},"107":{"start":{"line":128,"column":12},"end":{"line":128,"column":61}},"108":{"start":{"line":130,"column":10},"end":{"line":130,"column":44}},"109":{"start":{"line":131,"column":10},"end":{"line":131,"column":47}},"110":{"start":{"line":132,"column":10},"end":{"line":141,"column":27}},"111":{"start":{"line":133,"column":12},"end":{"line":139,"column":13}},"112":{"start":{"line":134,"column":14},"end":{"line":134,"column":60}},"113":{"start":{"line":135,"column":14},"end":{"line":135,"column":42}},"114":{"start":{"line":136,"column":14},"end":{"line":136,"column":50}},"115":{"start":{"line":137,"column":14},"end":{"line":137,"column":61}},"116":{"start":{"line":138,"column":14},"end":{"line":138,"column":72}},"117":{"start":{"line":140,"column":12},"end":{"line":140,"column":26}},"118":{"start":{"line":144,"column":8},"end":{"line":144,"column":51}},"119":{"start":{"line":147,"column":4},"end":{"line":151,"column":5}},"120":{"start":{"line":148,"column":6},"end":{"line":148,"column":37}},"121":{"start":{"line":149,"column":6},"end":{"line":149,"column":30}},"122":{"start":{"line":150,"column":6},"end":{"line":150,"column":27}},"123":{"start":{"line":152,"column":4},"end":{"line":154,"column":7}},"124":{"start":{"line":153,"column":6},"end":{"line":153,"column":29}},"125":{"start":{"line":155,"column":4},"end":{"line":155,"column":25}},"126":{"start":{"line":157,"column":2},"end":{"line":161,"column":4}},"127":{"start":{"line":158,"column":4},"end":{"line":158,"column":19}},"128":{"start":{"line":159,"column":4},"end":{"line":159,"column":33}},"129":{"start":{"line":160,"column":4},"end":{"line":160,"column":61}},"130":{"start":{"line":162,"column":2},"end":{"line":195,"column":4}},"131":{"start":{"line":163,"column":4},"end":{"line":163,"column":30}},"132":{"start":{"line":164,"column":4},"end":{"line":164,"column":24}},"133":{"start":{"line":165,"column":4},"end":{"line":165,"column":32}},"134":{"start":{"line":166,"column":4},"end":{"line":177,"column":6}},"135":{"start":{"line":178,"column":4},"end":{"line":194,"column":7}},"136":{"start":{"line":179,"column":6},"end":{"line":179,"column":41}},"137":{"start":{"line":180,"column":6},"end":{"line":180,"column":22}},"138":{"start":{"line":181,"column":6},"end":{"line":181,"column":40}},"139":{"start":{"line":182,"column":6},"end":{"line":193,"column":7}},"140":{"start":{"line":183,"column":8},"end":{"line":183,"column":42}},"141":{"start":{"line":185,"column":8},"end":{"line":185,"column":53}},"142":{"start":{"line":186,"column":8},"end":{"line":186,"column":18}},"143":{"start":{"line":187,"column":8},"end":{"line":190,"column":11}},"144":{"start":{"line":188,"column":10},"end":{"line":189,"column":49}},"145":{"start":{"line":189,"column":12},"end":{"line":189,"column":49}},"146":{"start":{"line":191,"column":8},"end":{"line":191,"column":20}},"147":{"start":{"line":192,"column":8},"end":{"line":192,"column":47}},"148":{"start":{"line":196,"column":2},"end":{"line":208,"column":4}},"149":{"start":{"line":197,"column":4},"end":{"line":207,"column":7}},"150":{"start":{"line":198,"column":6},"end":{"line":198,"column":18}},"151":{"start":{"line":199,"column":6},"end":{"line":199,"column":23}},"152":{"start":{"line":200,"column":6},"end":{"line":200,"column":26}},"153":{"start":{"line":201,"column":6},"end":{"line":206,"column":9}},"154":{"start":{"line":202,"column":8},"end":{"line":202,"column":14}},"155":{"start":{"line":203,"column":8},"end":{"line":203,"column":22}},"156":{"start":{"line":204,"column":8},"end":{"line":205,"column":79}},"157":{"start":{"line":205,"column":10},"end":{"line":205,"column":79}}},"branchMap":{"1":{"line":44,"type":"if","locations":[{"start":{"line":44,"column":6},"end":{"line":44,"column":6}},{"start":{"line":44,"column":6},"end":{"line":44,"column":6}}]},"2":{"line":77,"type":"binary-expr","locations":[{"start":{"line":77,"column":14},"end":{"line":77,"column":81}},{"start":{"line":77,"column":87},"end":{"line":77,"column":159}},{"start":{"line":77,"column":165},"end":{"line":77,"column":236}}]},"3":{"line":77,"type":"cond-expr","locations":[{"start":{"line":77,"column":56},"end":{"line":77,"column":72}},{"start":{"line":77,"column":75},"end":{"line":77,"column":81}}]},"4":{"line":77,"type":"cond-expr","locations":[{"start":{"line":77,"column":133},"end":{"line":77,"column":150}},{"start":{"line":77,"column":153},"end":{"line":77,"column":159}}]},"5":{"line":77,"type":"cond-expr","locations":[{"start":{"line":77,"column":210},"end":{"line":77,"column":227}},{"start":{"line":77,"column":230},"end":{"line":77,"column":236}}]},"6":{"line":85,"type":"binary-expr","locations":[{"start":{"line":85,"column":14},"end":{"line":85,"column":86}},{"start":{"line":85,"column":92},"end":{"line":85,"column":169}}]},"7":{"line":85,"type":"cond-expr","locations":[{"start":{"line":85,"column":56},"end":{"line":85,"column":77}},{"start":{"line":85,"column":80},"end":{"line":85,"column":86}}]},"8":{"line":85,"type":"cond-expr","locations":[{"start":{"line":85,"column":138},"end":{"line":85,"column":160}},{"start":{"line":85,"column":163},"end":{"line":85,"column":169}}]},"9":{"line":112,"type":"if","locations":[{"start":{"line":112,"column":6},"end":{"line":112,"column":6}},{"start":{"line":112,"column":6},"end":{"line":112,"column":6}}]},"10":{"line":112,"type":"binary-expr","locations":[{"start":{"line":112,"column":10},"end":{"line":112,"column":29}},{"start":{"line":112,"column":33},"end":{"line":112,"column":59}}]},"11":{"line":117,"type":"if","locations":[{"start":{"line":117,"column":13},"end":{"line":117,"column":13}},{"start":{"line":117,"column":13},"end":{"line":117,"column":13}}]},"12":{"line":121,"type":"if","locations":[{"start":{"line":121,"column":8},"end":{"line":121,"column":8}},{"start":{"line":121,"column":8},"end":{"line":121,"column":8}}]},"13":{"line":123,"type":"binary-expr","locations":[{"start":{"line":123,"column":17},"end":{"line":123,"column":39}},{"start":{"line":123,"column":43},"end":{"line":123,"column":78}},{"start":{"line":123,"column":82},"end":{"line":123,"column":135}}]},"14":{"line":133,"type":"binary-expr","locations":[{"start":{"line":133,"column":19},"end":{"line":133,"column":37}},{"start":{"line":133,"column":41},"end":{"line":133,"column":72}},{"start":{"line":133,"column":76},"end":{"line":133,"column":125}}]},"15":{"line":147,"type":"if","locations":[{"start":{"line":147,"column":4},"end":{"line":147,"column":4}},{"start":{"line":147,"column":4},"end":{"line":147,"column":4}}]},"16":{"line":182,"type":"if","locations":[{"start":{"line":182,"column":6},"end":{"line":182,"column":6}},{"start":{"line":182,"column":6},"end":{"line":182,"column":6}}]},"17":{"line":188,"type":"if","locations":[{"start":{"line":188,"column":10},"end":{"line":188,"column":10}},{"start":{"line":188,"column":10},"end":{"line":188,"column":10}}]},"18":{"line":204,"type":"if","locations":[{"start":{"line":204,"column":8},"end":{"line":204,"column":8}},{"start":{"line":204,"column":8},"end":{"line":204,"column":8}}]}},"code":["// Generated by CoffeeScript 2.0.0-beta7","void function () {","  var _, cleanArticleTags, cleanBadTags, cleanCodeBlocks, cleanEmTags, cleaner, cleanErrantLinebreaks, cleanParaSpans, cleanUnderlines, divToPara, getReplacementNodes, removeBodyClasses, removeDropCaps, removeNodesRegex, removeScriptsStyles, replaceWithPara;","  _ = require('lodash');","  module.exports = cleaner = function (doc) {","    removeBodyClasses(doc);","    cleanArticleTags(doc);","    cleanEmTags(doc);","    cleanCodeBlocks(doc);","    removeDropCaps(doc);","    removeScriptsStyles(doc);","    cleanBadTags(doc);","    removeNodesRegex(doc, /^caption$/);","    removeNodesRegex(doc, / google /);","    removeNodesRegex(doc, /^[^entry-]more.*$/);","    removeNodesRegex(doc, /[^-]facebook/);","    removeNodesRegex(doc, /facebook-broadcasting/);","    removeNodesRegex(doc, /[^-]twitter/);","    cleanParaSpans(doc);","    cleanUnderlines(doc);","    cleanErrantLinebreaks(doc);","    divToPara(doc, 'div');","    divToPara(doc, 'span');","    return doc;","  };","  removeBodyClasses = function (doc) {","    return doc('body').removeClass();","  };","  cleanArticleTags = function (doc) {","    var articles;","    articles = doc('article');","    return articles.each(function () {","      doc(this).removeAttr('id');","      doc(this).removeAttr('name');","      return doc(this).removeAttr('class');","    });","  };","  cleanEmTags = function (doc) {","    var ems;","    ems = doc('em');","    return ems.each(function () {","      var images;","      images = ems.find('img');","      if (images.length === 0)","        return doc(this).replaceWith(doc(this).html());","    });","  };","  cleanCodeBlocks = function (doc) {","    var nodes;","    nodes = doc(\"[class*='highlight-'], pre code, code, pre, ul.task-list\");","    return nodes.each(function () {","      return doc(this).replaceWith(doc(this).text());","    });","  };","  removeDropCaps = function (doc) {","    var nodes;","    nodes = doc('span[class~=dropcap], span[class~=drop_cap]');","    return nodes.each(function () {","      return doc(this).replaceWith(doc(this).html());","    });","  };","  removeScriptsStyles = function (doc) {","    var comments;","    doc('script').remove();","    doc('style').remove();","    comments = doc('*').contents().filter(function () {","      return this.type === 'comment';","    });","    return doc(comments).remove();","  };","  cleanBadTags = function (doc) {","    var re, removeNodesRe, toRemove;","    removeNodesRe = '^side$|combx|retweet|mediaarticlerelated|menucontainer|navbar|partner-gravity-ad|video-full-transcript|storytopbar-bucket|utility-bar|inline-share-tools|comment|PopularQuestions|contact|foot|footer|Footer|footnote|cnn_strycaptiontxt|cnn_html_slideshow|cnn_strylftcntnt|links|meta$|shoutbox|sponsor|tags|socialnetworking|socialNetworking|cnnStryHghLght|cnn_stryspcvbx|^inset$|pagetools|post-attributes|welcome_form|contentTools2|the_answers|communitypromo|runaroundLeft|subscribe|vcard|articleheadings|date|^print$|popup|author-dropdown|tools|socialtools|byline|konafilter|KonaFilter|breadcrumbs|^fn$|wp-caption-text|legende|ajoutVideo|timestamp|js_replies';","    re = new RegExp(removeNodesRe, 'i');","    toRemove = doc('*').filter(function () {","      var cache$, cache$1, cache$2;","      return (null != (cache$ = doc(this).attr('id')) ? cache$.match(re) : void 0) || (null != (cache$1 = doc(this).attr('class')) ? cache$1.match(re) : void 0) || (null != (cache$2 = doc(this).attr('name')) ? cache$2.match(re) : void 0);","    });","    return doc(toRemove).remove();","  };","  removeNodesRegex = function (doc, pattern) {","    var toRemove;","    toRemove = doc('div').filter(function () {","      var cache$, cache$1;","      return (null != (cache$ = doc(this).attr('id')) ? cache$.match(pattern) : void 0) || (null != (cache$1 = doc(this).attr('class')) ? cache$1.match(pattern) : void 0);","    });","    return doc(toRemove).remove();","  };","  cleanParaSpans = function (doc) {","    var nodes;","    nodes = doc('p span');","    return nodes.each(function () {","      return doc(this).replaceWith(doc(this).html());","    });","  };","  cleanUnderlines = function (doc) {","    var nodes;","    nodes = doc('u');","    return nodes.each(function () {","      return doc(this).replaceWith(doc(this).html());","    });","  };","  getReplacementNodes = function (doc, div) {","    var childs, nodesToRemove, nodesToReturn, replacementText, txt;","    replacementText = [];","    nodesToReturn = [];","    nodesToRemove = [];","    childs = div.contents();","    childs.each(function () {","      var kid, kidText, kidTextNode, nextSiblingNode, outer, previousSiblingNode, replaceText, txt;","      kid = doc(this);","      if (kid[0].name === 'p' && replacementText.length > 0) {","        txt = replacementText.join('');","        nodesToReturn.push(txt);","        replacementText = [];","        return nodesToReturn.push(doc(kid).html());","      } else if (kid[0].type === 'text') {","        kidTextNode = kid;","        kidText = kid.text();","        replaceText = kidText.replace(/\\n/g, '\\n\\n').replace(/\\t/g, '').replace(/^\\s+$/g, '');","        if (replaceText.length > 1) {","          previousSiblingNode = kidTextNode.prev();","          while (previousSiblingNode[0] && previousSiblingNode[0].name === 'a' && previousSiblingNode.attr('grv-usedalready') !== 'yes') {","            outer = ' ' + doc.html(previousSiblingNode) + ' ';","            replacementText.push(outer);","            nodesToRemove.push(previousSiblingNode);","            previousSiblingNode.attr('grv-usedalready', 'yes');","            previousSiblingNode = previousSiblingNode.prev();","          }","          replacementText.push(replaceText);","          nextSiblingNode = kidTextNode.next();","          return function (accum$) {","            while (nextSiblingNode[0] && nextSiblingNode[0].name === 'a' && nextSiblingNode.attr('grv-usedalready') !== 'yes') {","              outer = ' ' + doc.html(nextSiblingNode) + ' ';","              replacementText.push(outer);","              nodesToRemove.push(nextSiblingNode);","              nextSiblingNode.attr('grv-usedalready', 'yes');","              accum$.push(previousSiblingNode = nextSiblingNode.next());","            }","            return accum$;","          }.call(this, []);","        }","      } else {","        return nodesToReturn.push(doc(kid).html());","      }","    });","    if (replacementText.length > 0) {","      txt = replacementText.join('');","      nodesToReturn.push(txt);","      replacementText = [];","    }","    _.each(nodesToRemove, function (n) {","      return doc(n).remove();","    });","    return nodesToReturn;","  };","  replaceWithPara = function (doc, div) {","    var divContent;","    divContent = doc(div).html();","    return doc(div).replaceWith('<p>' + divContent + '</p>');","  };","  divToPara = function (doc, domType) {","    var divs, lastCount, tags;","    divs = doc(domType);","    lastCount = divs.length + 1;","    tags = [","      'a',","      'blockquote',","      'dl',","      'div',","      'img',","      'ol',","      'p',","      'pre',","      'table',","      'ul'","    ];","    return divs.each(function () {","      var div, html, items, replaceNodes;","      div = doc(this);","      items = div.find(tags.join(', '));","      if (items.length === 0) {","        return replaceWithPara(doc, this);","      } else {","        replaceNodes = getReplacementNodes(doc, div);","        html = '';","        _.each(replaceNodes, function (node) {","          if (node !== '')","            return html += '<p>' + node + '</p>';","        });","        div.empty();","        return doc(div).replaceWith('' + html);","      }","    });","  };","  cleanErrantLinebreaks = function (doc) {","    return doc('p').each(function () {","      var c, node;","      node = doc(this);","      c = node.contents();","      return doc(c).each(function () {","        var n;","        n = doc(this);","        if (n[0].type === 'text')","          return n.replaceWith(n.text().replace(/([^\\n])\\n([^\\n])/g, '$1 $2'));","      });","    });","  };","}.call(this);",""],"l":{"2":1,"3":1,"4":1,"5":1,"6":0,"7":0,"8":0,"9":0,"10":0,"11":0,"12":0,"13":0,"14":0,"15":0,"16":0,"17":0,"18":0,"19":0,"20":0,"21":0,"22":0,"23":0,"24":0,"26":1,"27":0,"29":1,"30":0,"31":0,"32":0,"33":0,"34":0,"35":0,"38":1,"39":0,"40":0,"41":0,"42":0,"43":0,"44":0,"45":0,"48":1,"49":0,"50":0,"51":0,"52":0,"55":1,"56":0,"57":0,"58":0,"59":0,"62":1,"63":0,"64":0,"65":0,"66":0,"67":0,"69":0,"71":1,"72":0,"73":0,"74":0,"75":0,"76":0,"77":0,"79":0,"81":1,"82":0,"83":0,"84":0,"85":0,"87":0,"89":1,"90":0,"91":0,"92":0,"93":0,"96":1,"97":0,"98":0,"99":0,"100":0,"103":1,"104":0,"105":0,"106":0,"107":0,"108":0,"109":0,"110":0,"111":0,"112":0,"113":0,"114":0,"115":0,"116":0,"117":0,"118":0,"119":0,"120":0,"121":0,"122":0,"123":0,"124":0,"125":0,"126":0,"127":0,"128":0,"130":0,"131":0,"132":0,"133":0,"134":0,"135":0,"136":0,"137":0,"138":0,"140":0,"144":0,"147":0,"148":0,"149":0,"150":0,"152":0,"153":0,"155":0,"157":1,"158":0,"159":0,"160":0,"162":1,"163":0,"164":0,"165":0,"166":0,"178":0,"179":0,"180":0,"181":0,"182":0,"183":0,"185":0,"186":0,"187":0,"188":0,"189":0,"191":0,"192":0,"196":1,"197":0,"198":0,"199":0,"200":0,"201":0,"202":0,"203":0,"204":0,"205":0}}}